[2026-06-20T08:10:21.948+0000] {taskinstance.py:1957} INFO - Dependencies all met for dep_context=non-requeueable deps ti=<TaskInstance: weather_pipeline.fetch_weather manual__2026-06-20T08:10:20.886194+00:00 [queued]>
[2026-06-20T08:10:21.965+0000] {taskinstance.py:1957} INFO - Dependencies all met for dep_context=requeueable deps ti=<TaskInstance: weather_pipeline.fetch_weather manual__2026-06-20T08:10:20.886194+00:00 [queued]>
[2026-06-20T08:10:21.966+0000] {taskinstance.py:2171} INFO - Starting attempt 1 of 2
[2026-06-20T08:10:21.984+0000] {taskinstance.py:2192} INFO - Executing <Task(BashOperator): fetch_weather> on 2026-06-20 08:10:20.886194+00:00
[2026-06-20T08:10:21.991+0000] {standard_task_runner.py:60} INFO - Started process 185 to run task
[2026-06-20T08:10:21.994+0000] {standard_task_runner.py:87} INFO - Running: ['***', 'tasks', 'run', 'weather_pipeline', 'fetch_weather', 'manual__2026-06-20T08:10:20.886194+00:00', '--job-id', '9', '--raw', '--subdir', 'DAGS_FOLDER/weather_pipeline_dag.py', '--cfg-path', '/tmp/tmpa6dpbzyz']
[2026-06-20T08:10:21.998+0000] {standard_task_runner.py:88} INFO - Job 9: Subtask fetch_weather
[2026-06-20T08:10:22.070+0000] {task_command.py:423} INFO - Running <TaskInstance: weather_pipeline.fetch_weather manual__2026-06-20T08:10:20.886194+00:00 [running]> on host 1e71529a3f3a
[2026-06-20T08:10:22.159+0000] {taskinstance.py:2481} INFO - Exporting env vars: AIRFLOW_CTX_DAG_OWNER='data_engineer' AIRFLOW_CTX_DAG_ID='weather_pipeline' AIRFLOW_CTX_TASK_ID='fetch_weather' AIRFLOW_CTX_EXECUTION_DATE='2026-06-20T08:10:20.886194+00:00' AIRFLOW_CTX_TRY_NUMBER='1' AIRFLOW_CTX_DAG_RUN_ID='manual__2026-06-20T08:10:20.886194+00:00'
[2026-06-20T08:10:22.160+0000] {subprocess.py:63} INFO - Tmp dir root location: /tmp
[2026-06-20T08:10:22.160+0000] {subprocess.py:75} INFO - Running command: ['/usr/bin/bash', '-c', 'python /opt/***/producer/weather_producer_once.py']
[2026-06-20T08:10:22.169+0000] {subprocess.py:86} INFO - Output:
[2026-06-20T08:10:22.304+0000] {subprocess.py:93} INFO - Traceback (most recent call last):
[2026-06-20T08:10:22.304+0000] {subprocess.py:93} INFO -   File "/opt/***/producer/weather_producer_once.py", line 4, in <module>
[2026-06-20T08:10:22.304+0000] {subprocess.py:93} INFO -     from azure.eventhub import EventHubProducerClient, EventData
[2026-06-20T08:10:22.304+0000] {subprocess.py:93} INFO - ModuleNotFoundError: No module named 'azure.eventhub'
[2026-06-20T08:10:22.323+0000] {subprocess.py:97} INFO - Command exited with return code 1
[2026-06-20T08:10:22.336+0000] {taskinstance.py:2699} ERROR - Task failed with exception
Traceback (most recent call last):
  File "/home/airflow/.local/lib/python3.11/site-packages/airflow/models/taskinstance.py", line 433, in _execute_task
    result = execute_callable(context=context, **execute_callable_kwargs)
             ^^^^^^^^^^^^^^^^^^^^^^^^^^^^^^^^^^^^^^^^^^^^^^^^^^^^^^^^^^^^
  File "/home/airflow/.local/lib/python3.11/site-packages/airflow/operators/bash.py", line 212, in execute
    raise AirflowException(
airflow.exceptions.AirflowException: Bash command failed. The command returned a non-zero exit code 1.
[2026-06-20T08:10:22.339+0000] {taskinstance.py:1138} INFO - Marking task as UP_FOR_RETRY. dag_id=weather_pipeline, task_id=fetch_weather, execution_date=20260620T081020, start_date=20260620T081021, end_date=20260620T081022
[2026-06-20T08:10:22.351+0000] {standard_task_runner.py:107} ERROR - Failed to execute job 9 for task fetch_weather (Bash command failed. The command returned a non-zero exit code 1.; 185)
[2026-06-20T08:10:22.367+0000] {local_task_job_runner.py:234} INFO - Task exited with return code 1
[2026-06-20T08:10:22.389+0000] {taskinstance.py:3281} INFO - 0 downstream tasks scheduled from follow-on schedule check
