[2026-06-20T08:15:22.664+0000] {taskinstance.py:1957} INFO - Dependencies all met for dep_context=non-requeueable deps ti=<TaskInstance: weather_pipeline.fetch_weather manual__2026-06-20T08:10:20.886194+00:00 [queued]>
[2026-06-20T08:15:22.690+0000] {taskinstance.py:1957} INFO - Dependencies all met for dep_context=requeueable deps ti=<TaskInstance: weather_pipeline.fetch_weather manual__2026-06-20T08:10:20.886194+00:00 [queued]>
[2026-06-20T08:15:22.691+0000] {taskinstance.py:2171} INFO - Starting attempt 2 of 2
[2026-06-20T08:15:22.724+0000] {taskinstance.py:2192} INFO - Executing <Task(BashOperator): fetch_weather> on 2026-06-20 08:10:20.886194+00:00
[2026-06-20T08:15:22.740+0000] {standard_task_runner.py:60} INFO - Started process 237 to run task
[2026-06-20T08:15:22.746+0000] {standard_task_runner.py:87} INFO - Running: ['***', 'tasks', 'run', 'weather_pipeline', 'fetch_weather', 'manual__2026-06-20T08:10:20.886194+00:00', '--job-id', '10', '--raw', '--subdir', 'DAGS_FOLDER/weather_pipeline_dag.py', '--cfg-path', '/tmp/tmplfpbp0x4']
[2026-06-20T08:15:22.751+0000] {standard_task_runner.py:88} INFO - Job 10: Subtask fetch_weather
[2026-06-20T08:15:22.927+0000] {task_command.py:423} INFO - Running <TaskInstance: weather_pipeline.fetch_weather manual__2026-06-20T08:10:20.886194+00:00 [running]> on host 1e71529a3f3a
[2026-06-20T08:15:23.211+0000] {taskinstance.py:2481} INFO - Exporting env vars: AIRFLOW_CTX_DAG_OWNER='data_engineer' AIRFLOW_CTX_DAG_ID='weather_pipeline' AIRFLOW_CTX_TASK_ID='fetch_weather' AIRFLOW_CTX_EXECUTION_DATE='2026-06-20T08:10:20.886194+00:00' AIRFLOW_CTX_TRY_NUMBER='2' AIRFLOW_CTX_DAG_RUN_ID='manual__2026-06-20T08:10:20.886194+00:00'
[2026-06-20T08:15:23.217+0000] {subprocess.py:63} INFO - Tmp dir root location: /tmp
[2026-06-20T08:15:23.221+0000] {subprocess.py:75} INFO - Running command: ['/usr/bin/bash', '-c', 'python /opt/***/producer/weather_producer_once.py']
[2026-06-20T08:15:23.280+0000] {subprocess.py:86} INFO - Output:
[2026-06-20T08:15:23.744+0000] {subprocess.py:93} INFO - Traceback (most recent call last):
[2026-06-20T08:15:23.744+0000] {subprocess.py:93} INFO -   File "/opt/***/producer/weather_producer_once.py", line 4, in <module>
[2026-06-20T08:15:23.745+0000] {subprocess.py:93} INFO -     from azure.eventhub import EventHubProducerClient, EventData
[2026-06-20T08:15:23.745+0000] {subprocess.py:93} INFO - ModuleNotFoundError: No module named 'azure.eventhub'
[2026-06-20T08:15:23.809+0000] {subprocess.py:97} INFO - Command exited with return code 1
[2026-06-20T08:15:23.842+0000] {taskinstance.py:2699} ERROR - Task failed with exception
Traceback (most recent call last):
  File "/home/airflow/.local/lib/python3.11/site-packages/airflow/models/taskinstance.py", line 433, in _execute_task
    result = execute_callable(context=context, **execute_callable_kwargs)
             ^^^^^^^^^^^^^^^^^^^^^^^^^^^^^^^^^^^^^^^^^^^^^^^^^^^^^^^^^^^^
  File "/home/airflow/.local/lib/python3.11/site-packages/airflow/operators/bash.py", line 212, in execute
    raise AirflowException(
airflow.exceptions.AirflowException: Bash command failed. The command returned a non-zero exit code 1.
[2026-06-20T08:15:23.860+0000] {taskinstance.py:1138} INFO - Marking task as FAILED. dag_id=weather_pipeline, task_id=fetch_weather, execution_date=20260620T081020, start_date=20260620T081522, end_date=20260620T081523
[2026-06-20T08:15:23.893+0000] {standard_task_runner.py:107} ERROR - Failed to execute job 10 for task fetch_weather (Bash command failed. The command returned a non-zero exit code 1.; 237)
[2026-06-20T08:15:23.927+0000] {local_task_job_runner.py:234} INFO - Task exited with return code 1
[2026-06-20T08:15:24.006+0000] {taskinstance.py:3281} INFO - 0 downstream tasks scheduled from follow-on schedule check
