[2026-06-20T07:59:24.859+0000] {taskinstance.py:1957} INFO - Dependencies all met for dep_context=non-requeueable deps ti=<TaskInstance: weather_pipeline.fetch_weather scheduled__2026-06-20T07:00:00+00:00 [queued]>
[2026-06-20T07:59:24.870+0000] {taskinstance.py:1957} INFO - Dependencies all met for dep_context=requeueable deps ti=<TaskInstance: weather_pipeline.fetch_weather scheduled__2026-06-20T07:00:00+00:00 [queued]>
[2026-06-20T07:59:24.870+0000] {taskinstance.py:2171} INFO - Starting attempt 1 of 2
[2026-06-20T07:59:24.886+0000] {taskinstance.py:2192} INFO - Executing <Task(BashOperator): fetch_weather> on 2026-06-20 07:00:00+00:00
[2026-06-20T07:59:24.892+0000] {standard_task_runner.py:60} INFO - Started process 249 to run task
[2026-06-20T07:59:24.895+0000] {standard_task_runner.py:87} INFO - Running: ['***', 'tasks', 'run', 'weather_pipeline', 'fetch_weather', 'scheduled__2026-06-20T07:00:00+00:00', '--job-id', '5', '--raw', '--subdir', 'DAGS_FOLDER/weather_pipeline_dag.py', '--cfg-path', '/tmp/tmpa_k7xmw4']
[2026-06-20T07:59:24.899+0000] {standard_task_runner.py:88} INFO - Job 5: Subtask fetch_weather
[2026-06-20T07:59:24.968+0000] {task_command.py:423} INFO - Running <TaskInstance: weather_pipeline.fetch_weather scheduled__2026-06-20T07:00:00+00:00 [running]> on host 4dd3a3e54ea7
[2026-06-20T07:59:25.077+0000] {taskinstance.py:2481} INFO - Exporting env vars: AIRFLOW_CTX_DAG_OWNER='data_engineer' AIRFLOW_CTX_DAG_ID='weather_pipeline' AIRFLOW_CTX_TASK_ID='fetch_weather' AIRFLOW_CTX_EXECUTION_DATE='2026-06-20T07:00:00+00:00' AIRFLOW_CTX_TRY_NUMBER='1' AIRFLOW_CTX_DAG_RUN_ID='scheduled__2026-06-20T07:00:00+00:00'
[2026-06-20T07:59:25.078+0000] {subprocess.py:63} INFO - Tmp dir root location: /tmp
[2026-06-20T07:59:25.080+0000] {subprocess.py:75} INFO - Running command: ['/usr/bin/bash', '-c', 'python /opt/***/producer/weather_producer_once.py']
[2026-06-20T07:59:25.080+0000] {taskinstance.py:2699} ERROR - Task failed with exception
Traceback (most recent call last):
  File "/home/airflow/.local/lib/python3.11/site-packages/airflow/models/taskinstance.py", line 433, in _execute_task
    result = execute_callable(context=context, **execute_callable_kwargs)
             ^^^^^^^^^^^^^^^^^^^^^^^^^^^^^^^^^^^^^^^^^^^^^^^^^^^^^^^^^^^^
  File "/home/airflow/.local/lib/python3.11/site-packages/airflow/operators/bash.py", line 203, in execute
    result = self.subprocess_hook.run_command(
             ^^^^^^^^^^^^^^^^^^^^^^^^^^^^^^^^^
  File "/home/airflow/.local/lib/python3.11/site-packages/airflow/hooks/subprocess.py", line 77, in run_command
    self.sub_process = Popen(
                       ^^^^^^
  File "/usr/local/lib/python3.11/subprocess.py", line 1026, in __init__
    self._execute_child(args, executable, preexec_fn, close_fds,
  File "/usr/local/lib/python3.11/subprocess.py", line 1870, in _execute_child
    env_list.append(k + b'=' + os.fsencode(v))
                               ^^^^^^^^^^^^^^
  File "<frozen os>", line 812, in fsencode
TypeError: expected str, bytes or os.PathLike object, not NoneType
[2026-06-20T07:59:25.095+0000] {taskinstance.py:1138} INFO - Marking task as UP_FOR_RETRY. dag_id=weather_pipeline, task_id=fetch_weather, execution_date=20260620T070000, start_date=20260620T075924, end_date=20260620T075925
[2026-06-20T07:59:25.111+0000] {standard_task_runner.py:107} ERROR - Failed to execute job 5 for task fetch_weather (expected str, bytes or os.PathLike object, not NoneType; 249)
[2026-06-20T07:59:25.148+0000] {local_task_job_runner.py:234} INFO - Task exited with return code 1
[2026-06-20T07:59:25.177+0000] {taskinstance.py:3281} INFO - 0 downstream tasks scheduled from follow-on schedule check
