[2026-06-20T07:42:30.955+0000] {processor.py:161} INFO - Started process (PID=160) to work on /opt/airflow/dags/weather_pipeline_dag.py
[2026-06-20T07:42:30.959+0000] {processor.py:830} INFO - Processing file /opt/airflow/dags/weather_pipeline_dag.py for tasks to queue
[2026-06-20T07:42:30.962+0000] {logging_mixin.py:188} INFO - [2026-06-20T07:42:30.961+0000] {dagbag.py:538} INFO - Filling up the DagBag from /opt/airflow/dags/weather_pipeline_dag.py
[2026-06-20T07:42:31.033+0000] {processor.py:840} INFO - DAG(s) 'weather_pipeline' retrieved from /opt/airflow/dags/weather_pipeline_dag.py
[2026-06-20T07:42:31.485+0000] {logging_mixin.py:188} INFO - [2026-06-20T07:42:31.484+0000] {override.py:1769} INFO - Created Permission View: can read on DAG:weather_pipeline
[2026-06-20T07:42:31.506+0000] {logging_mixin.py:188} INFO - [2026-06-20T07:42:31.506+0000] {override.py:1769} INFO - Created Permission View: can edit on DAG:weather_pipeline
[2026-06-20T07:42:31.513+0000] {logging_mixin.py:188} INFO - [2026-06-20T07:42:31.513+0000] {override.py:1769} INFO - Created Permission View: can delete on DAG:weather_pipeline
[2026-06-20T07:42:31.514+0000] {logging_mixin.py:188} INFO - [2026-06-20T07:42:31.513+0000] {dag.py:3033} INFO - Sync 1 DAGs
[2026-06-20T07:42:31.540+0000] {logging_mixin.py:188} INFO - [2026-06-20T07:42:31.540+0000] {dag.py:3055} INFO - Creating ORM DAG for weather_pipeline
[2026-06-20T07:42:31.563+0000] {logging_mixin.py:188} INFO - [2026-06-20T07:42:31.563+0000] {dag.py:3820} INFO - Setting next_dagrun for weather_pipeline to 2026-06-20T06:00:00+00:00, run_after=2026-06-20T07:00:00+00:00
[2026-06-20T07:42:31.592+0000] {processor.py:183} INFO - Processing /opt/airflow/dags/weather_pipeline_dag.py took 0.657 seconds
[2026-06-20T07:43:01.741+0000] {processor.py:161} INFO - Started process (PID=165) to work on /opt/airflow/dags/weather_pipeline_dag.py
[2026-06-20T07:43:01.746+0000] {processor.py:830} INFO - Processing file /opt/airflow/dags/weather_pipeline_dag.py for tasks to queue
[2026-06-20T07:43:01.748+0000] {logging_mixin.py:188} INFO - [2026-06-20T07:43:01.746+0000] {dagbag.py:538} INFO - Filling up the DagBag from /opt/airflow/dags/weather_pipeline_dag.py
[2026-06-20T07:43:01.799+0000] {processor.py:840} INFO - DAG(s) 'weather_pipeline' retrieved from /opt/airflow/dags/weather_pipeline_dag.py
[2026-06-20T07:43:01.867+0000] {logging_mixin.py:188} INFO - [2026-06-20T07:43:01.867+0000] {dag.py:3033} INFO - Sync 1 DAGs
[2026-06-20T07:43:01.922+0000] {logging_mixin.py:188} INFO - [2026-06-20T07:43:01.922+0000] {dag.py:3820} INFO - Setting next_dagrun for weather_pipeline to 2026-06-20T06:00:00+00:00, run_after=2026-06-20T07:00:00+00:00
[2026-06-20T07:43:01.951+0000] {processor.py:183} INFO - Processing /opt/airflow/dags/weather_pipeline_dag.py took 0.214 seconds
[2026-06-20T07:44:50.222+0000] {processor.py:161} INFO - Started process (PID=170) to work on /opt/airflow/dags/weather_pipeline_dag.py
[2026-06-20T07:44:50.223+0000] {processor.py:830} INFO - Processing file /opt/airflow/dags/weather_pipeline_dag.py for tasks to queue
[2026-06-20T07:44:50.224+0000] {logging_mixin.py:188} INFO - [2026-06-20T07:44:50.224+0000] {dagbag.py:538} INFO - Filling up the DagBag from /opt/airflow/dags/weather_pipeline_dag.py
[2026-06-20T07:43:22.109+0000] {processor.py:840} INFO - DAG(s) 'weather_pipeline' retrieved from /opt/airflow/dags/weather_pipeline_dag.py
[2026-06-20T07:43:22.151+0000] {logging_mixin.py:188} INFO - [2026-06-20T07:43:22.151+0000] {dag.py:3033} INFO - Sync 1 DAGs
[2026-06-20T07:43:22.176+0000] {logging_mixin.py:188} INFO - [2026-06-20T07:43:22.176+0000] {dag.py:3820} INFO - Setting next_dagrun for weather_pipeline to 2026-06-20T06:00:00+00:00, run_after=2026-06-20T07:00:00+00:00
[2026-06-20T07:43:22.195+0000] {processor.py:183} INFO - Processing /opt/airflow/dags/weather_pipeline_dag.py took 0.119 seconds
[2026-06-20T07:43:52.235+0000] {processor.py:161} INFO - Started process (PID=175) to work on /opt/airflow/dags/weather_pipeline_dag.py
[2026-06-20T07:43:52.237+0000] {processor.py:830} INFO - Processing file /opt/airflow/dags/weather_pipeline_dag.py for tasks to queue
[2026-06-20T07:43:52.238+0000] {logging_mixin.py:188} INFO - [2026-06-20T07:43:52.238+0000] {dagbag.py:538} INFO - Filling up the DagBag from /opt/airflow/dags/weather_pipeline_dag.py
[2026-06-20T07:43:52.257+0000] {processor.py:840} INFO - DAG(s) 'weather_pipeline' retrieved from /opt/airflow/dags/weather_pipeline_dag.py
[2026-06-20T07:43:52.292+0000] {logging_mixin.py:188} INFO - [2026-06-20T07:43:52.292+0000] {dag.py:3033} INFO - Sync 1 DAGs
[2026-06-20T07:43:52.319+0000] {logging_mixin.py:188} INFO - [2026-06-20T07:43:52.319+0000] {dag.py:3820} INFO - Setting next_dagrun for weather_pipeline to 2026-06-20T06:00:00+00:00, run_after=2026-06-20T07:00:00+00:00
[2026-06-20T07:43:52.342+0000] {processor.py:183} INFO - Processing /opt/airflow/dags/weather_pipeline_dag.py took 0.111 seconds
[2026-06-20T07:45:50.707+0000] {processor.py:161} INFO - Started process (PID=180) to work on /opt/airflow/dags/weather_pipeline_dag.py
[2026-06-20T07:45:50.711+0000] {processor.py:830} INFO - Processing file /opt/airflow/dags/weather_pipeline_dag.py for tasks to queue
[2026-06-20T07:45:50.712+0000] {logging_mixin.py:188} INFO - [2026-06-20T07:45:50.711+0000] {dagbag.py:538} INFO - Filling up the DagBag from /opt/airflow/dags/weather_pipeline_dag.py
[2026-06-20T07:45:50.730+0000] {processor.py:840} INFO - DAG(s) 'weather_pipeline' retrieved from /opt/airflow/dags/weather_pipeline_dag.py
[2026-06-20T07:45:50.762+0000] {logging_mixin.py:188} INFO - [2026-06-20T07:45:50.761+0000] {dag.py:3033} INFO - Sync 1 DAGs
[2026-06-20T07:45:50.801+0000] {logging_mixin.py:188} INFO - [2026-06-20T07:45:50.801+0000] {dag.py:3820} INFO - Setting next_dagrun for weather_pipeline to 2026-06-20T06:00:00+00:00, run_after=2026-06-20T07:00:00+00:00
[2026-06-20T07:44:22.682+0000] {processor.py:183} INFO - Processing /opt/airflow/dags/weather_pipeline_dag.py took 0.116 seconds
[2026-06-20T07:45:55.763+0000] {processor.py:161} INFO - Started process (PID=185) to work on /opt/airflow/dags/weather_pipeline_dag.py
[2026-06-20T07:45:55.766+0000] {processor.py:830} INFO - Processing file /opt/airflow/dags/weather_pipeline_dag.py for tasks to queue
[2026-06-20T07:45:55.767+0000] {logging_mixin.py:188} INFO - [2026-06-20T07:45:55.766+0000] {dagbag.py:538} INFO - Filling up the DagBag from /opt/airflow/dags/weather_pipeline_dag.py
[2026-06-20T07:45:55.782+0000] {processor.py:840} INFO - DAG(s) 'weather_pipeline' retrieved from /opt/airflow/dags/weather_pipeline_dag.py
[2026-06-20T07:45:55.817+0000] {logging_mixin.py:188} INFO - [2026-06-20T07:45:55.817+0000] {dag.py:3033} INFO - Sync 1 DAGs
[2026-06-20T07:44:27.703+0000] {logging_mixin.py:188} INFO - [2026-06-20T07:44:27.703+0000] {dag.py:3820} INFO - Setting next_dagrun for weather_pipeline to 2026-06-20T06:00:00+00:00, run_after=2026-06-20T07:00:00+00:00
[2026-06-20T07:44:27.724+0000] {processor.py:183} INFO - Processing /opt/airflow/dags/weather_pipeline_dag.py took 0.115 seconds
[2026-06-20T07:44:57.902+0000] {processor.py:161} INFO - Started process (PID=190) to work on /opt/airflow/dags/weather_pipeline_dag.py
[2026-06-20T07:44:57.903+0000] {processor.py:830} INFO - Processing file /opt/airflow/dags/weather_pipeline_dag.py for tasks to queue
[2026-06-20T07:44:57.904+0000] {logging_mixin.py:188} INFO - [2026-06-20T07:44:57.904+0000] {dagbag.py:538} INFO - Filling up the DagBag from /opt/airflow/dags/weather_pipeline_dag.py
[2026-06-20T07:44:57.921+0000] {processor.py:840} INFO - DAG(s) 'weather_pipeline' retrieved from /opt/airflow/dags/weather_pipeline_dag.py
[2026-06-20T07:44:57.955+0000] {logging_mixin.py:188} INFO - [2026-06-20T07:44:57.955+0000] {dag.py:3033} INFO - Sync 1 DAGs
[2026-06-20T07:44:57.980+0000] {logging_mixin.py:188} INFO - [2026-06-20T07:44:57.980+0000] {dag.py:3820} INFO - Setting next_dagrun for weather_pipeline to 2026-06-20T06:00:00+00:00, run_after=2026-06-20T07:00:00+00:00
[2026-06-20T07:44:57.999+0000] {processor.py:183} INFO - Processing /opt/airflow/dags/weather_pipeline_dag.py took 0.101 seconds
[2026-06-20T07:46:50.164+0000] {processor.py:161} INFO - Started process (PID=195) to work on /opt/airflow/dags/weather_pipeline_dag.py
[2026-06-20T07:46:50.165+0000] {processor.py:830} INFO - Processing file /opt/airflow/dags/weather_pipeline_dag.py for tasks to queue
[2026-06-20T07:46:50.166+0000] {logging_mixin.py:188} INFO - [2026-06-20T07:46:50.166+0000] {dagbag.py:538} INFO - Filling up the DagBag from /opt/airflow/dags/weather_pipeline_dag.py
[2026-06-20T07:46:50.180+0000] {processor.py:840} INFO - DAG(s) 'weather_pipeline' retrieved from /opt/airflow/dags/weather_pipeline_dag.py
[2026-06-20T07:46:50.212+0000] {logging_mixin.py:188} INFO - [2026-06-20T07:46:50.211+0000] {dag.py:3033} INFO - Sync 1 DAGs
[2026-06-20T07:46:50.237+0000] {logging_mixin.py:188} INFO - [2026-06-20T07:46:50.236+0000] {dag.py:3820} INFO - Setting next_dagrun for weather_pipeline to 2026-06-20T06:00:00+00:00, run_after=2026-06-20T07:00:00+00:00
[2026-06-20T07:45:22.123+0000] {processor.py:183} INFO - Processing /opt/airflow/dags/weather_pipeline_dag.py took 0.099 seconds
[2026-06-20T07:45:52.340+0000] {processor.py:161} INFO - Started process (PID=200) to work on /opt/airflow/dags/weather_pipeline_dag.py
[2026-06-20T07:45:52.341+0000] {processor.py:830} INFO - Processing file /opt/airflow/dags/weather_pipeline_dag.py for tasks to queue
[2026-06-20T07:45:52.342+0000] {logging_mixin.py:188} INFO - [2026-06-20T07:45:52.342+0000] {dagbag.py:538} INFO - Filling up the DagBag from /opt/airflow/dags/weather_pipeline_dag.py
[2026-06-20T07:45:52.358+0000] {processor.py:840} INFO - DAG(s) 'weather_pipeline' retrieved from /opt/airflow/dags/weather_pipeline_dag.py
[2026-06-20T07:45:52.388+0000] {logging_mixin.py:188} INFO - [2026-06-20T07:45:52.387+0000] {dag.py:3033} INFO - Sync 1 DAGs
[2026-06-20T07:45:52.411+0000] {logging_mixin.py:188} INFO - [2026-06-20T07:45:52.411+0000] {dag.py:3820} INFO - Setting next_dagrun for weather_pipeline to 2026-06-20T06:00:00+00:00, run_after=2026-06-20T07:00:00+00:00
[2026-06-20T07:45:52.430+0000] {processor.py:183} INFO - Processing /opt/airflow/dags/weather_pipeline_dag.py took 0.095 seconds
[2026-06-20T07:46:22.508+0000] {processor.py:161} INFO - Started process (PID=205) to work on /opt/airflow/dags/weather_pipeline_dag.py
[2026-06-20T07:46:22.509+0000] {processor.py:830} INFO - Processing file /opt/airflow/dags/weather_pipeline_dag.py for tasks to queue
[2026-06-20T07:46:22.510+0000] {logging_mixin.py:188} INFO - [2026-06-20T07:46:22.509+0000] {dagbag.py:538} INFO - Filling up the DagBag from /opt/airflow/dags/weather_pipeline_dag.py
[2026-06-20T07:46:22.526+0000] {processor.py:840} INFO - DAG(s) 'weather_pipeline' retrieved from /opt/airflow/dags/weather_pipeline_dag.py
[2026-06-20T07:46:22.621+0000] {logging_mixin.py:188} INFO - [2026-06-20T07:46:22.621+0000] {dag.py:3033} INFO - Sync 1 DAGs
[2026-06-20T07:46:22.982+0000] {logging_mixin.py:188} INFO - [2026-06-20T07:46:22.981+0000] {dag.py:3820} INFO - Setting next_dagrun for weather_pipeline to 2026-06-20T06:00:00+00:00, run_after=2026-06-20T07:00:00+00:00
[2026-06-20T07:46:23.213+0000] {processor.py:183} INFO - Processing /opt/airflow/dags/weather_pipeline_dag.py took 0.710 seconds
[2026-06-20T07:46:53.382+0000] {processor.py:161} INFO - Started process (PID=210) to work on /opt/airflow/dags/weather_pipeline_dag.py
[2026-06-20T07:46:53.384+0000] {processor.py:830} INFO - Processing file /opt/airflow/dags/weather_pipeline_dag.py for tasks to queue
[2026-06-20T07:46:53.385+0000] {logging_mixin.py:188} INFO - [2026-06-20T07:46:53.385+0000] {dagbag.py:538} INFO - Filling up the DagBag from /opt/airflow/dags/weather_pipeline_dag.py
[2026-06-20T07:46:53.399+0000] {processor.py:840} INFO - DAG(s) 'weather_pipeline' retrieved from /opt/airflow/dags/weather_pipeline_dag.py
[2026-06-20T07:46:53.435+0000] {logging_mixin.py:188} INFO - [2026-06-20T07:46:53.435+0000] {dag.py:3033} INFO - Sync 1 DAGs
[2026-06-20T07:46:53.461+0000] {logging_mixin.py:188} INFO - [2026-06-20T07:46:53.460+0000] {dag.py:3820} INFO - Setting next_dagrun for weather_pipeline to 2026-06-20T06:00:00+00:00, run_after=2026-06-20T07:00:00+00:00
[2026-06-20T07:46:53.480+0000] {processor.py:183} INFO - Processing /opt/airflow/dags/weather_pipeline_dag.py took 0.101 seconds
[2026-06-20T07:47:24.178+0000] {processor.py:161} INFO - Started process (PID=215) to work on /opt/airflow/dags/weather_pipeline_dag.py
[2026-06-20T07:47:24.181+0000] {processor.py:830} INFO - Processing file /opt/airflow/dags/weather_pipeline_dag.py for tasks to queue
[2026-06-20T07:47:24.182+0000] {logging_mixin.py:188} INFO - [2026-06-20T07:47:24.182+0000] {dagbag.py:538} INFO - Filling up the DagBag from /opt/airflow/dags/weather_pipeline_dag.py
[2026-06-20T07:47:24.197+0000] {processor.py:840} INFO - DAG(s) 'weather_pipeline' retrieved from /opt/airflow/dags/weather_pipeline_dag.py
[2026-06-20T07:47:24.229+0000] {logging_mixin.py:188} INFO - [2026-06-20T07:47:24.228+0000] {dag.py:3033} INFO - Sync 1 DAGs
[2026-06-20T07:47:24.285+0000] {logging_mixin.py:188} INFO - [2026-06-20T07:47:24.284+0000] {dag.py:3820} INFO - Setting next_dagrun for weather_pipeline to 2026-06-20T06:00:00+00:00, run_after=2026-06-20T07:00:00+00:00
[2026-06-20T07:47:24.319+0000] {processor.py:183} INFO - Processing /opt/airflow/dags/weather_pipeline_dag.py took 0.145 seconds
[2026-06-20T07:47:54.484+0000] {processor.py:161} INFO - Started process (PID=220) to work on /opt/airflow/dags/weather_pipeline_dag.py
[2026-06-20T07:47:54.487+0000] {processor.py:830} INFO - Processing file /opt/airflow/dags/weather_pipeline_dag.py for tasks to queue
[2026-06-20T07:47:54.488+0000] {logging_mixin.py:188} INFO - [2026-06-20T07:47:54.488+0000] {dagbag.py:538} INFO - Filling up the DagBag from /opt/airflow/dags/weather_pipeline_dag.py
[2026-06-20T07:47:54.506+0000] {processor.py:840} INFO - DAG(s) 'weather_pipeline' retrieved from /opt/airflow/dags/weather_pipeline_dag.py
[2026-06-20T07:47:54.538+0000] {logging_mixin.py:188} INFO - [2026-06-20T07:47:54.538+0000] {dag.py:3033} INFO - Sync 1 DAGs
[2026-06-20T07:47:54.566+0000] {logging_mixin.py:188} INFO - [2026-06-20T07:47:54.566+0000] {dag.py:3820} INFO - Setting next_dagrun for weather_pipeline to 2026-06-20T06:00:00+00:00, run_after=2026-06-20T07:00:00+00:00
[2026-06-20T07:47:54.584+0000] {processor.py:183} INFO - Processing /opt/airflow/dags/weather_pipeline_dag.py took 0.105 seconds
[2026-06-20T07:49:49.803+0000] {processor.py:161} INFO - Started process (PID=225) to work on /opt/airflow/dags/weather_pipeline_dag.py
[2026-06-20T07:49:49.804+0000] {processor.py:830} INFO - Processing file /opt/airflow/dags/weather_pipeline_dag.py for tasks to queue
[2026-06-20T07:49:49.805+0000] {logging_mixin.py:188} INFO - [2026-06-20T07:49:49.805+0000] {dagbag.py:538} INFO - Filling up the DagBag from /opt/airflow/dags/weather_pipeline_dag.py
[2026-06-20T07:49:49.818+0000] {processor.py:840} INFO - DAG(s) 'weather_pipeline' retrieved from /opt/airflow/dags/weather_pipeline_dag.py
[2026-06-20T07:49:49.850+0000] {logging_mixin.py:188} INFO - [2026-06-20T07:49:49.850+0000] {dag.py:3033} INFO - Sync 1 DAGs
[2026-06-20T07:49:49.874+0000] {logging_mixin.py:188} INFO - [2026-06-20T07:49:49.874+0000] {dag.py:3820} INFO - Setting next_dagrun for weather_pipeline to 2026-06-20T06:00:00+00:00, run_after=2026-06-20T07:00:00+00:00
[2026-06-20T07:49:49.893+0000] {processor.py:183} INFO - Processing /opt/airflow/dags/weather_pipeline_dag.py took 0.093 seconds
[2026-06-20T07:50:56.281+0000] {processor.py:161} INFO - Started process (PID=230) to work on /opt/airflow/dags/weather_pipeline_dag.py
[2026-06-20T07:50:56.282+0000] {processor.py:830} INFO - Processing file /opt/airflow/dags/weather_pipeline_dag.py for tasks to queue
[2026-06-20T07:50:56.283+0000] {logging_mixin.py:188} INFO - [2026-06-20T07:50:56.283+0000] {dagbag.py:538} INFO - Filling up the DagBag from /opt/airflow/dags/weather_pipeline_dag.py
[2026-06-20T07:50:56.303+0000] {processor.py:840} INFO - DAG(s) 'weather_pipeline' retrieved from /opt/airflow/dags/weather_pipeline_dag.py
[2026-06-20T07:50:56.342+0000] {logging_mixin.py:188} INFO - [2026-06-20T07:50:56.342+0000] {dag.py:3033} INFO - Sync 1 DAGs
[2026-06-20T07:50:56.374+0000] {logging_mixin.py:188} INFO - [2026-06-20T07:50:56.373+0000] {dag.py:3820} INFO - Setting next_dagrun for weather_pipeline to 2026-06-20T06:00:00+00:00, run_after=2026-06-20T07:00:00+00:00
[2026-06-20T07:50:56.394+0000] {processor.py:183} INFO - Processing /opt/airflow/dags/weather_pipeline_dag.py took 0.118 seconds
[2026-06-20T07:51:26.440+0000] {processor.py:161} INFO - Started process (PID=235) to work on /opt/airflow/dags/weather_pipeline_dag.py
[2026-06-20T07:51:26.442+0000] {processor.py:830} INFO - Processing file /opt/airflow/dags/weather_pipeline_dag.py for tasks to queue
[2026-06-20T07:51:26.443+0000] {logging_mixin.py:188} INFO - [2026-06-20T07:51:26.443+0000] {dagbag.py:538} INFO - Filling up the DagBag from /opt/airflow/dags/weather_pipeline_dag.py
[2026-06-20T07:51:26.464+0000] {processor.py:840} INFO - DAG(s) 'weather_pipeline' retrieved from /opt/airflow/dags/weather_pipeline_dag.py
[2026-06-20T07:49:58.376+0000] {logging_mixin.py:188} INFO - [2026-06-20T07:49:58.376+0000] {dag.py:3033} INFO - Sync 1 DAGs
[2026-06-20T07:49:58.402+0000] {logging_mixin.py:188} INFO - [2026-06-20T07:49:58.402+0000] {dag.py:3820} INFO - Setting next_dagrun for weather_pipeline to 2026-06-20T06:00:00+00:00, run_after=2026-06-20T07:00:00+00:00
[2026-06-20T07:49:58.424+0000] {processor.py:183} INFO - Processing /opt/airflow/dags/weather_pipeline_dag.py took 0.114 seconds
[2026-06-20T07:50:56.725+0000] {processor.py:161} INFO - Started process (PID=160) to work on /opt/airflow/dags/weather_pipeline_dag.py
[2026-06-20T07:50:56.727+0000] {processor.py:830} INFO - Processing file /opt/airflow/dags/weather_pipeline_dag.py for tasks to queue
[2026-06-20T07:50:56.729+0000] {logging_mixin.py:188} INFO - [2026-06-20T07:50:56.729+0000] {dagbag.py:538} INFO - Filling up the DagBag from /opt/airflow/dags/weather_pipeline_dag.py
[2026-06-20T07:50:56.768+0000] {processor.py:840} INFO - DAG(s) 'weather_pipeline' retrieved from /opt/airflow/dags/weather_pipeline_dag.py
[2026-06-20T07:50:57.129+0000] {logging_mixin.py:188} INFO - [2026-06-20T07:50:57.129+0000] {dag.py:3033} INFO - Sync 1 DAGs
[2026-06-20T07:50:57.177+0000] {logging_mixin.py:188} INFO - [2026-06-20T07:50:57.176+0000] {dag.py:3820} INFO - Setting next_dagrun for weather_pipeline to 2026-06-20T06:00:00+00:00, run_after=2026-06-20T07:00:00+00:00
[2026-06-20T07:50:57.216+0000] {processor.py:183} INFO - Processing /opt/airflow/dags/weather_pipeline_dag.py took 0.496 seconds
[2026-06-20T07:52:41.481+0000] {processor.py:161} INFO - Started process (PID=165) to work on /opt/airflow/dags/weather_pipeline_dag.py
[2026-06-20T07:52:41.485+0000] {processor.py:830} INFO - Processing file /opt/airflow/dags/weather_pipeline_dag.py for tasks to queue
[2026-06-20T07:52:41.486+0000] {logging_mixin.py:188} INFO - [2026-06-20T07:52:41.485+0000] {dagbag.py:538} INFO - Filling up the DagBag from /opt/airflow/dags/weather_pipeline_dag.py
[2026-06-20T07:52:41.503+0000] {processor.py:840} INFO - DAG(s) 'weather_pipeline' retrieved from /opt/airflow/dags/weather_pipeline_dag.py
[2026-06-20T07:52:41.539+0000] {logging_mixin.py:188} INFO - [2026-06-20T07:52:41.539+0000] {dag.py:3033} INFO - Sync 1 DAGs
[2026-06-20T07:52:41.561+0000] {logging_mixin.py:188} INFO - [2026-06-20T07:52:41.561+0000] {dag.py:3820} INFO - Setting next_dagrun for weather_pipeline to 2026-06-20T06:00:00+00:00, run_after=2026-06-20T07:00:00+00:00
[2026-06-20T07:52:41.581+0000] {processor.py:183} INFO - Processing /opt/airflow/dags/weather_pipeline_dag.py took 0.104 seconds
[2026-06-20T07:52:46.535+0000] {processor.py:161} INFO - Started process (PID=170) to work on /opt/airflow/dags/weather_pipeline_dag.py
[2026-06-20T07:52:46.536+0000] {processor.py:830} INFO - Processing file /opt/airflow/dags/weather_pipeline_dag.py for tasks to queue
[2026-06-20T07:52:46.537+0000] {logging_mixin.py:188} INFO - [2026-06-20T07:52:46.537+0000] {dagbag.py:538} INFO - Filling up the DagBag from /opt/airflow/dags/weather_pipeline_dag.py
[2026-06-20T07:52:46.555+0000] {processor.py:840} INFO - DAG(s) 'weather_pipeline' retrieved from /opt/airflow/dags/weather_pipeline_dag.py
[2026-06-20T07:52:46.589+0000] {logging_mixin.py:188} INFO - [2026-06-20T07:52:46.589+0000] {dag.py:3033} INFO - Sync 1 DAGs
[2026-06-20T07:51:18.470+0000] {logging_mixin.py:188} INFO - [2026-06-20T07:51:18.470+0000] {dag.py:3820} INFO - Setting next_dagrun for weather_pipeline to 2026-06-20T06:00:00+00:00, run_after=2026-06-20T07:00:00+00:00
[2026-06-20T07:51:18.490+0000] {processor.py:183} INFO - Processing /opt/airflow/dags/weather_pipeline_dag.py took 0.102 seconds
[2026-06-20T07:51:48.665+0000] {processor.py:161} INFO - Started process (PID=175) to work on /opt/airflow/dags/weather_pipeline_dag.py
[2026-06-20T07:51:48.667+0000] {processor.py:830} INFO - Processing file /opt/airflow/dags/weather_pipeline_dag.py for tasks to queue
[2026-06-20T07:51:48.668+0000] {logging_mixin.py:188} INFO - [2026-06-20T07:51:48.667+0000] {dagbag.py:538} INFO - Filling up the DagBag from /opt/airflow/dags/weather_pipeline_dag.py
[2026-06-20T07:51:48.693+0000] {processor.py:840} INFO - DAG(s) 'weather_pipeline' retrieved from /opt/airflow/dags/weather_pipeline_dag.py
[2026-06-20T07:51:48.728+0000] {logging_mixin.py:188} INFO - [2026-06-20T07:51:48.728+0000] {dag.py:3033} INFO - Sync 1 DAGs
[2026-06-20T07:51:48.756+0000] {logging_mixin.py:188} INFO - [2026-06-20T07:51:48.756+0000] {dag.py:3820} INFO - Setting next_dagrun for weather_pipeline to 2026-06-20T06:00:00+00:00, run_after=2026-06-20T07:00:00+00:00
[2026-06-20T07:51:48.787+0000] {processor.py:183} INFO - Processing /opt/airflow/dags/weather_pipeline_dag.py took 0.126 seconds
[2026-06-20T07:53:19.833+0000] {processor.py:161} INFO - Started process (PID=180) to work on /opt/airflow/dags/weather_pipeline_dag.py
[2026-06-20T07:53:19.835+0000] {processor.py:830} INFO - Processing file /opt/airflow/dags/weather_pipeline_dag.py for tasks to queue
[2026-06-20T07:53:19.835+0000] {logging_mixin.py:188} INFO - [2026-06-20T07:53:19.835+0000] {dagbag.py:538} INFO - Filling up the DagBag from /opt/airflow/dags/weather_pipeline_dag.py
[2026-06-20T07:53:19.852+0000] {processor.py:840} INFO - DAG(s) 'weather_pipeline' retrieved from /opt/airflow/dags/weather_pipeline_dag.py
[2026-06-20T07:53:19.883+0000] {logging_mixin.py:188} INFO - [2026-06-20T07:53:19.883+0000] {dag.py:3033} INFO - Sync 1 DAGs
[2026-06-20T07:53:19.905+0000] {logging_mixin.py:188} INFO - [2026-06-20T07:53:19.905+0000] {dag.py:3820} INFO - Setting next_dagrun for weather_pipeline to 2026-06-20T06:00:00+00:00, run_after=2026-06-20T07:00:00+00:00
[2026-06-20T07:53:19.923+0000] {processor.py:183} INFO - Processing /opt/airflow/dags/weather_pipeline_dag.py took 0.096 seconds
[2026-06-20T07:53:50.324+0000] {processor.py:161} INFO - Started process (PID=187) to work on /opt/airflow/dags/weather_pipeline_dag.py
[2026-06-20T07:53:50.327+0000] {processor.py:830} INFO - Processing file /opt/airflow/dags/weather_pipeline_dag.py for tasks to queue
[2026-06-20T07:53:50.328+0000] {logging_mixin.py:188} INFO - [2026-06-20T07:53:50.327+0000] {dagbag.py:538} INFO - Filling up the DagBag from /opt/airflow/dags/weather_pipeline_dag.py
[2026-06-20T07:53:50.344+0000] {processor.py:840} INFO - DAG(s) 'weather_pipeline' retrieved from /opt/airflow/dags/weather_pipeline_dag.py
[2026-06-20T07:53:50.374+0000] {logging_mixin.py:188} INFO - [2026-06-20T07:53:50.374+0000] {dag.py:3033} INFO - Sync 1 DAGs
[2026-06-20T07:53:50.400+0000] {logging_mixin.py:188} INFO - [2026-06-20T07:53:50.399+0000] {dag.py:3820} INFO - Setting next_dagrun for weather_pipeline to 2026-06-20T07:00:00+00:00, run_after=2026-06-20T08:00:00+00:00
[2026-06-20T07:53:50.420+0000] {processor.py:183} INFO - Processing /opt/airflow/dags/weather_pipeline_dag.py took 0.100 seconds
[2026-06-20T07:54:20.487+0000] {processor.py:161} INFO - Started process (PID=192) to work on /opt/airflow/dags/weather_pipeline_dag.py
[2026-06-20T07:54:20.488+0000] {processor.py:830} INFO - Processing file /opt/airflow/dags/weather_pipeline_dag.py for tasks to queue
[2026-06-20T07:54:20.489+0000] {logging_mixin.py:188} INFO - [2026-06-20T07:54:20.489+0000] {dagbag.py:538} INFO - Filling up the DagBag from /opt/airflow/dags/weather_pipeline_dag.py
[2026-06-20T07:54:20.504+0000] {processor.py:840} INFO - DAG(s) 'weather_pipeline' retrieved from /opt/airflow/dags/weather_pipeline_dag.py
[2026-06-20T07:54:20.541+0000] {logging_mixin.py:188} INFO - [2026-06-20T07:54:20.541+0000] {dag.py:3033} INFO - Sync 1 DAGs
[2026-06-20T07:54:20.566+0000] {logging_mixin.py:188} INFO - [2026-06-20T07:54:20.566+0000] {dag.py:3820} INFO - Setting next_dagrun for weather_pipeline to 2026-06-20T07:00:00+00:00, run_after=2026-06-20T08:00:00+00:00
[2026-06-20T07:54:20.587+0000] {processor.py:183} INFO - Processing /opt/airflow/dags/weather_pipeline_dag.py took 0.105 seconds
[2026-06-20T07:56:11.846+0000] {processor.py:161} INFO - Started process (PID=197) to work on /opt/airflow/dags/weather_pipeline_dag.py
[2026-06-20T07:56:11.847+0000] {processor.py:830} INFO - Processing file /opt/airflow/dags/weather_pipeline_dag.py for tasks to queue
[2026-06-20T07:56:11.848+0000] {logging_mixin.py:188} INFO - [2026-06-20T07:56:11.848+0000] {dagbag.py:538} INFO - Filling up the DagBag from /opt/airflow/dags/weather_pipeline_dag.py
[2026-06-20T07:56:11.863+0000] {processor.py:840} INFO - DAG(s) 'weather_pipeline' retrieved from /opt/airflow/dags/weather_pipeline_dag.py
[2026-06-20T07:56:11.893+0000] {logging_mixin.py:188} INFO - [2026-06-20T07:56:11.893+0000] {dag.py:3033} INFO - Sync 1 DAGs
[2026-06-20T07:56:11.915+0000] {logging_mixin.py:188} INFO - [2026-06-20T07:56:11.914+0000] {dag.py:3820} INFO - Setting next_dagrun for weather_pipeline to 2026-06-20T07:00:00+00:00, run_after=2026-06-20T08:00:00+00:00
[2026-06-20T07:56:11.933+0000] {processor.py:183} INFO - Processing /opt/airflow/dags/weather_pipeline_dag.py took 0.090 seconds
[2026-06-20T07:56:42.006+0000] {processor.py:161} INFO - Started process (PID=204) to work on /opt/airflow/dags/weather_pipeline_dag.py
[2026-06-20T07:56:42.009+0000] {processor.py:830} INFO - Processing file /opt/airflow/dags/weather_pipeline_dag.py for tasks to queue
[2026-06-20T07:56:42.010+0000] {logging_mixin.py:188} INFO - [2026-06-20T07:56:42.009+0000] {dagbag.py:538} INFO - Filling up the DagBag from /opt/airflow/dags/weather_pipeline_dag.py
[2026-06-20T07:56:42.023+0000] {processor.py:840} INFO - DAG(s) 'weather_pipeline' retrieved from /opt/airflow/dags/weather_pipeline_dag.py
[2026-06-20T07:56:42.054+0000] {logging_mixin.py:188} INFO - [2026-06-20T07:56:42.054+0000] {dag.py:3033} INFO - Sync 1 DAGs
[2026-06-20T07:56:42.077+0000] {logging_mixin.py:188} INFO - [2026-06-20T07:56:42.077+0000] {dag.py:3820} INFO - Setting next_dagrun for weather_pipeline to 2026-06-20T07:00:00+00:00, run_after=2026-06-20T08:00:00+00:00
[2026-06-20T07:56:42.098+0000] {processor.py:183} INFO - Processing /opt/airflow/dags/weather_pipeline_dag.py took 0.096 seconds
[2026-06-20T07:57:12.629+0000] {processor.py:161} INFO - Started process (PID=211) to work on /opt/airflow/dags/weather_pipeline_dag.py
[2026-06-20T07:57:12.630+0000] {processor.py:830} INFO - Processing file /opt/airflow/dags/weather_pipeline_dag.py for tasks to queue
[2026-06-20T07:57:12.631+0000] {logging_mixin.py:188} INFO - [2026-06-20T07:57:12.631+0000] {dagbag.py:538} INFO - Filling up the DagBag from /opt/airflow/dags/weather_pipeline_dag.py
[2026-06-20T07:57:12.648+0000] {processor.py:840} INFO - DAG(s) 'weather_pipeline' retrieved from /opt/airflow/dags/weather_pipeline_dag.py
[2026-06-20T07:57:12.680+0000] {logging_mixin.py:188} INFO - [2026-06-20T07:57:12.680+0000] {dag.py:3033} INFO - Sync 1 DAGs
[2026-06-20T07:57:12.704+0000] {logging_mixin.py:188} INFO - [2026-06-20T07:57:12.704+0000] {dag.py:3820} INFO - Setting next_dagrun for weather_pipeline to 2026-06-20T07:00:00+00:00, run_after=2026-06-20T08:00:00+00:00
[2026-06-20T07:57:12.723+0000] {processor.py:183} INFO - Processing /opt/airflow/dags/weather_pipeline_dag.py took 0.098 seconds
[2026-06-20T07:58:49.796+0000] {processor.py:161} INFO - Started process (PID=216) to work on /opt/airflow/dags/weather_pipeline_dag.py
[2026-06-20T07:58:49.797+0000] {processor.py:830} INFO - Processing file /opt/airflow/dags/weather_pipeline_dag.py for tasks to queue
[2026-06-20T07:58:49.798+0000] {logging_mixin.py:188} INFO - [2026-06-20T07:58:49.798+0000] {dagbag.py:538} INFO - Filling up the DagBag from /opt/airflow/dags/weather_pipeline_dag.py
[2026-06-20T07:58:49.812+0000] {processor.py:840} INFO - DAG(s) 'weather_pipeline' retrieved from /opt/airflow/dags/weather_pipeline_dag.py
[2026-06-20T07:58:49.841+0000] {logging_mixin.py:188} INFO - [2026-06-20T07:58:49.841+0000] {dag.py:3033} INFO - Sync 1 DAGs
[2026-06-20T07:57:21.724+0000] {logging_mixin.py:188} INFO - [2026-06-20T07:57:21.724+0000] {dag.py:3820} INFO - Setting next_dagrun for weather_pipeline to 2026-06-20T07:00:00+00:00, run_after=2026-06-20T08:00:00+00:00
[2026-06-20T07:57:21.745+0000] {processor.py:183} INFO - Processing /opt/airflow/dags/weather_pipeline_dag.py took 0.091 seconds
[2026-06-20T07:57:51.795+0000] {processor.py:161} INFO - Started process (PID=221) to work on /opt/airflow/dags/weather_pipeline_dag.py
[2026-06-20T07:57:51.796+0000] {processor.py:830} INFO - Processing file /opt/airflow/dags/weather_pipeline_dag.py for tasks to queue
[2026-06-20T07:57:51.797+0000] {logging_mixin.py:188} INFO - [2026-06-20T07:57:51.797+0000] {dagbag.py:538} INFO - Filling up the DagBag from /opt/airflow/dags/weather_pipeline_dag.py
[2026-06-20T07:57:51.814+0000] {processor.py:840} INFO - DAG(s) 'weather_pipeline' retrieved from /opt/airflow/dags/weather_pipeline_dag.py
[2026-06-20T07:57:51.855+0000] {logging_mixin.py:188} INFO - [2026-06-20T07:57:51.854+0000] {dag.py:3033} INFO - Sync 1 DAGs
[2026-06-20T07:57:51.887+0000] {logging_mixin.py:188} INFO - [2026-06-20T07:57:51.886+0000] {dag.py:3820} INFO - Setting next_dagrun for weather_pipeline to 2026-06-20T07:00:00+00:00, run_after=2026-06-20T08:00:00+00:00
[2026-06-20T07:57:51.911+0000] {processor.py:183} INFO - Processing /opt/airflow/dags/weather_pipeline_dag.py took 0.121 seconds
[2026-06-20T07:58:22.055+0000] {processor.py:161} INFO - Started process (PID=228) to work on /opt/airflow/dags/weather_pipeline_dag.py
[2026-06-20T07:58:22.057+0000] {processor.py:830} INFO - Processing file /opt/airflow/dags/weather_pipeline_dag.py for tasks to queue
[2026-06-20T07:58:22.061+0000] {logging_mixin.py:188} INFO - [2026-06-20T07:58:22.061+0000] {dagbag.py:538} INFO - Filling up the DagBag from /opt/airflow/dags/weather_pipeline_dag.py
[2026-06-20T07:58:22.089+0000] {processor.py:840} INFO - DAG(s) 'weather_pipeline' retrieved from /opt/airflow/dags/weather_pipeline_dag.py
[2026-06-20T07:58:22.154+0000] {logging_mixin.py:188} INFO - [2026-06-20T07:58:22.154+0000] {dag.py:3033} INFO - Sync 1 DAGs
[2026-06-20T07:58:22.182+0000] {logging_mixin.py:188} INFO - [2026-06-20T07:58:22.182+0000] {dag.py:3820} INFO - Setting next_dagrun for weather_pipeline to 2026-06-20T07:00:00+00:00, run_after=2026-06-20T08:00:00+00:00
[2026-06-20T07:58:22.209+0000] {processor.py:183} INFO - Processing /opt/airflow/dags/weather_pipeline_dag.py took 0.162 seconds
[2026-06-20T07:59:52.307+0000] {processor.py:161} INFO - Started process (PID=233) to work on /opt/airflow/dags/weather_pipeline_dag.py
[2026-06-20T07:59:52.326+0000] {processor.py:830} INFO - Processing file /opt/airflow/dags/weather_pipeline_dag.py for tasks to queue
[2026-06-20T07:59:52.330+0000] {logging_mixin.py:188} INFO - [2026-06-20T07:59:52.328+0000] {dagbag.py:538} INFO - Filling up the DagBag from /opt/airflow/dags/weather_pipeline_dag.py
[2026-06-20T07:58:24.219+0000] {processor.py:840} INFO - DAG(s) 'weather_pipeline' retrieved from /opt/airflow/dags/weather_pipeline_dag.py
[2026-06-20T07:58:24.285+0000] {logging_mixin.py:188} INFO - [2026-06-20T07:58:24.285+0000] {dag.py:3033} INFO - Sync 1 DAGs
[2026-06-20T07:58:24.326+0000] {logging_mixin.py:188} INFO - [2026-06-20T07:58:24.326+0000] {dag.py:3820} INFO - Setting next_dagrun for weather_pipeline to 2026-06-20T07:00:00+00:00, run_after=2026-06-20T08:00:00+00:00
[2026-06-20T07:58:24.355+0000] {processor.py:183} INFO - Processing /opt/airflow/dags/weather_pipeline_dag.py took 0.225 seconds
[2026-06-20T07:58:54.411+0000] {processor.py:161} INFO - Started process (PID=238) to work on /opt/airflow/dags/weather_pipeline_dag.py
[2026-06-20T07:58:54.413+0000] {processor.py:830} INFO - Processing file /opt/airflow/dags/weather_pipeline_dag.py for tasks to queue
[2026-06-20T07:58:54.413+0000] {logging_mixin.py:188} INFO - [2026-06-20T07:58:54.413+0000] {dagbag.py:538} INFO - Filling up the DagBag from /opt/airflow/dags/weather_pipeline_dag.py
[2026-06-20T07:58:54.429+0000] {processor.py:840} INFO - DAG(s) 'weather_pipeline' retrieved from /opt/airflow/dags/weather_pipeline_dag.py
[2026-06-20T07:58:54.459+0000] {logging_mixin.py:188} INFO - [2026-06-20T07:58:54.459+0000] {dag.py:3033} INFO - Sync 1 DAGs
[2026-06-20T07:58:54.482+0000] {logging_mixin.py:188} INFO - [2026-06-20T07:58:54.482+0000] {dag.py:3820} INFO - Setting next_dagrun for weather_pipeline to 2026-06-20T07:00:00+00:00, run_after=2026-06-20T08:00:00+00:00
[2026-06-20T07:58:54.500+0000] {processor.py:183} INFO - Processing /opt/airflow/dags/weather_pipeline_dag.py took 0.093 seconds
[2026-06-20T08:00:49.853+0000] {processor.py:161} INFO - Started process (PID=243) to work on /opt/airflow/dags/weather_pipeline_dag.py
[2026-06-20T08:00:49.854+0000] {processor.py:830} INFO - Processing file /opt/airflow/dags/weather_pipeline_dag.py for tasks to queue
[2026-06-20T08:00:49.855+0000] {logging_mixin.py:188} INFO - [2026-06-20T08:00:49.855+0000] {dagbag.py:538} INFO - Filling up the DagBag from /opt/airflow/dags/weather_pipeline_dag.py
[2026-06-20T08:00:49.887+0000] {processor.py:840} INFO - DAG(s) 'weather_pipeline' retrieved from /opt/airflow/dags/weather_pipeline_dag.py
[2026-06-20T07:59:21.826+0000] {logging_mixin.py:188} INFO - [2026-06-20T07:59:21.826+0000] {dag.py:3033} INFO - Sync 1 DAGs
[2026-06-20T07:59:21.879+0000] {logging_mixin.py:188} INFO - [2026-06-20T07:59:21.879+0000] {dag.py:3820} INFO - Setting next_dagrun for weather_pipeline to 2026-06-20T07:00:00+00:00, run_after=2026-06-20T08:00:00+00:00
[2026-06-20T07:59:21.918+0000] {processor.py:183} INFO - Processing /opt/airflow/dags/weather_pipeline_dag.py took 0.207 seconds
[2026-06-20T07:59:52.116+0000] {processor.py:161} INFO - Started process (PID=250) to work on /opt/airflow/dags/weather_pipeline_dag.py
[2026-06-20T07:59:52.117+0000] {processor.py:830} INFO - Processing file /opt/airflow/dags/weather_pipeline_dag.py for tasks to queue
[2026-06-20T07:59:52.118+0000] {logging_mixin.py:188} INFO - [2026-06-20T07:59:52.118+0000] {dagbag.py:538} INFO - Filling up the DagBag from /opt/airflow/dags/weather_pipeline_dag.py
[2026-06-20T07:59:52.140+0000] {processor.py:840} INFO - DAG(s) 'weather_pipeline' retrieved from /opt/airflow/dags/weather_pipeline_dag.py
[2026-06-20T07:59:52.190+0000] {logging_mixin.py:188} INFO - [2026-06-20T07:59:52.190+0000] {dag.py:3033} INFO - Sync 1 DAGs
[2026-06-20T07:59:52.222+0000] {logging_mixin.py:188} INFO - [2026-06-20T07:59:52.222+0000] {dag.py:3820} INFO - Setting next_dagrun for weather_pipeline to 2026-06-20T08:00:00+00:00, run_after=2026-06-20T09:00:00+00:00
[2026-06-20T07:59:52.243+0000] {processor.py:183} INFO - Processing /opt/airflow/dags/weather_pipeline_dag.py took 0.132 seconds
[2026-06-20T08:01:22.452+0000] {processor.py:161} INFO - Started process (PID=255) to work on /opt/airflow/dags/weather_pipeline_dag.py
[2026-06-20T08:01:22.452+0000] {processor.py:830} INFO - Processing file /opt/airflow/dags/weather_pipeline_dag.py for tasks to queue
[2026-06-20T08:01:22.453+0000] {logging_mixin.py:188} INFO - [2026-06-20T08:01:22.453+0000] {dagbag.py:538} INFO - Filling up the DagBag from /opt/airflow/dags/weather_pipeline_dag.py
[2026-06-20T08:01:22.466+0000] {processor.py:840} INFO - DAG(s) 'weather_pipeline' retrieved from /opt/airflow/dags/weather_pipeline_dag.py
[2026-06-20T07:59:54.354+0000] {logging_mixin.py:188} INFO - [2026-06-20T07:59:54.354+0000] {dag.py:3033} INFO - Sync 1 DAGs
[2026-06-20T07:59:54.378+0000] {logging_mixin.py:188} INFO - [2026-06-20T07:59:54.378+0000] {dag.py:3820} INFO - Setting next_dagrun for weather_pipeline to 2026-06-20T08:00:00+00:00, run_after=2026-06-20T09:00:00+00:00
[2026-06-20T07:59:54.399+0000] {processor.py:183} INFO - Processing /opt/airflow/dags/weather_pipeline_dag.py took 0.093 seconds
[2026-06-20T08:01:27.483+0000] {processor.py:161} INFO - Started process (PID=260) to work on /opt/airflow/dags/weather_pipeline_dag.py
[2026-06-20T08:01:27.484+0000] {processor.py:830} INFO - Processing file /opt/airflow/dags/weather_pipeline_dag.py for tasks to queue
[2026-06-20T08:01:27.484+0000] {logging_mixin.py:188} INFO - [2026-06-20T08:01:27.484+0000] {dagbag.py:538} INFO - Filling up the DagBag from /opt/airflow/dags/weather_pipeline_dag.py
[2026-06-20T07:59:59.356+0000] {processor.py:840} INFO - DAG(s) 'weather_pipeline' retrieved from /opt/airflow/dags/weather_pipeline_dag.py
[2026-06-20T07:59:59.388+0000] {logging_mixin.py:188} INFO - [2026-06-20T07:59:59.388+0000] {dag.py:3033} INFO - Sync 1 DAGs
[2026-06-20T07:59:59.411+0000] {logging_mixin.py:188} INFO - [2026-06-20T07:59:59.411+0000] {dag.py:3820} INFO - Setting next_dagrun for weather_pipeline to 2026-06-20T08:00:00+00:00, run_after=2026-06-20T09:00:00+00:00
[2026-06-20T07:59:59.430+0000] {processor.py:183} INFO - Processing /opt/airflow/dags/weather_pipeline_dag.py took 0.092 seconds
[2026-06-20T08:00:29.638+0000] {processor.py:161} INFO - Started process (PID=265) to work on /opt/airflow/dags/weather_pipeline_dag.py
[2026-06-20T08:00:29.642+0000] {processor.py:830} INFO - Processing file /opt/airflow/dags/weather_pipeline_dag.py for tasks to queue
[2026-06-20T08:00:29.644+0000] {logging_mixin.py:188} INFO - [2026-06-20T08:00:29.643+0000] {dagbag.py:538} INFO - Filling up the DagBag from /opt/airflow/dags/weather_pipeline_dag.py
[2026-06-20T08:00:29.663+0000] {processor.py:840} INFO - DAG(s) 'weather_pipeline' retrieved from /opt/airflow/dags/weather_pipeline_dag.py
[2026-06-20T08:00:29.693+0000] {logging_mixin.py:188} INFO - [2026-06-20T08:00:29.693+0000] {dag.py:3033} INFO - Sync 1 DAGs
[2026-06-20T08:00:29.716+0000] {logging_mixin.py:188} INFO - [2026-06-20T08:00:29.716+0000] {dag.py:3820} INFO - Setting next_dagrun for weather_pipeline to 2026-06-20T08:00:00+00:00, run_after=2026-06-20T09:00:00+00:00
[2026-06-20T08:00:29.737+0000] {processor.py:183} INFO - Processing /opt/airflow/dags/weather_pipeline_dag.py took 0.115 seconds
[2026-06-20T08:02:19.903+0000] {processor.py:161} INFO - Started process (PID=270) to work on /opt/airflow/dags/weather_pipeline_dag.py
[2026-06-20T08:02:19.908+0000] {processor.py:830} INFO - Processing file /opt/airflow/dags/weather_pipeline_dag.py for tasks to queue
[2026-06-20T08:02:19.909+0000] {logging_mixin.py:188} INFO - [2026-06-20T08:02:19.908+0000] {dagbag.py:538} INFO - Filling up the DagBag from /opt/airflow/dags/weather_pipeline_dag.py
[2026-06-20T08:02:19.924+0000] {processor.py:840} INFO - DAG(s) 'weather_pipeline' retrieved from /opt/airflow/dags/weather_pipeline_dag.py
[2026-06-20T08:00:51.828+0000] {logging_mixin.py:188} INFO - [2026-06-20T08:00:51.828+0000] {dag.py:3033} INFO - Sync 1 DAGs
[2026-06-20T08:00:51.861+0000] {logging_mixin.py:188} INFO - [2026-06-20T08:00:51.860+0000] {dag.py:3820} INFO - Setting next_dagrun for weather_pipeline to 2026-06-20T08:00:00+00:00, run_after=2026-06-20T09:00:00+00:00
[2026-06-20T08:00:51.882+0000] {processor.py:183} INFO - Processing /opt/airflow/dags/weather_pipeline_dag.py took 0.133 seconds
[2026-06-20T08:01:22.043+0000] {processor.py:161} INFO - Started process (PID=275) to work on /opt/airflow/dags/weather_pipeline_dag.py
[2026-06-20T08:01:22.048+0000] {processor.py:830} INFO - Processing file /opt/airflow/dags/weather_pipeline_dag.py for tasks to queue
[2026-06-20T08:01:22.049+0000] {logging_mixin.py:188} INFO - [2026-06-20T08:01:22.049+0000] {dagbag.py:538} INFO - Filling up the DagBag from /opt/airflow/dags/weather_pipeline_dag.py
[2026-06-20T08:01:22.063+0000] {processor.py:840} INFO - DAG(s) 'weather_pipeline' retrieved from /opt/airflow/dags/weather_pipeline_dag.py
[2026-06-20T08:01:22.091+0000] {logging_mixin.py:188} INFO - [2026-06-20T08:01:22.090+0000] {dag.py:3033} INFO - Sync 1 DAGs
[2026-06-20T08:01:22.112+0000] {logging_mixin.py:188} INFO - [2026-06-20T08:01:22.112+0000] {dag.py:3820} INFO - Setting next_dagrun for weather_pipeline to 2026-06-20T08:00:00+00:00, run_after=2026-06-20T09:00:00+00:00
[2026-06-20T08:01:22.134+0000] {processor.py:183} INFO - Processing /opt/airflow/dags/weather_pipeline_dag.py took 0.104 seconds
[2026-06-20T08:01:52.212+0000] {processor.py:161} INFO - Started process (PID=280) to work on /opt/airflow/dags/weather_pipeline_dag.py
[2026-06-20T08:01:52.213+0000] {processor.py:830} INFO - Processing file /opt/airflow/dags/weather_pipeline_dag.py for tasks to queue
[2026-06-20T08:01:52.214+0000] {logging_mixin.py:188} INFO - [2026-06-20T08:01:52.214+0000] {dagbag.py:538} INFO - Filling up the DagBag from /opt/airflow/dags/weather_pipeline_dag.py
[2026-06-20T08:01:52.234+0000] {processor.py:840} INFO - DAG(s) 'weather_pipeline' retrieved from /opt/airflow/dags/weather_pipeline_dag.py
[2026-06-20T08:01:52.273+0000] {logging_mixin.py:188} INFO - [2026-06-20T08:01:52.273+0000] {dag.py:3033} INFO - Sync 1 DAGs
[2026-06-20T08:01:52.309+0000] {logging_mixin.py:188} INFO - [2026-06-20T08:01:52.309+0000] {dag.py:3820} INFO - Setting next_dagrun for weather_pipeline to 2026-06-20T08:00:00+00:00, run_after=2026-06-20T09:00:00+00:00
[2026-06-20T08:01:52.336+0000] {processor.py:183} INFO - Processing /opt/airflow/dags/weather_pipeline_dag.py took 0.130 seconds
[2026-06-20T08:03:47.668+0000] {processor.py:161} INFO - Started process (PID=285) to work on /opt/airflow/dags/weather_pipeline_dag.py
[2026-06-20T08:03:47.671+0000] {processor.py:830} INFO - Processing file /opt/airflow/dags/weather_pipeline_dag.py for tasks to queue
[2026-06-20T08:03:47.672+0000] {logging_mixin.py:188} INFO - [2026-06-20T08:03:47.671+0000] {dagbag.py:538} INFO - Filling up the DagBag from /opt/airflow/dags/weather_pipeline_dag.py
[2026-06-20T08:03:47.690+0000] {processor.py:840} INFO - DAG(s) 'weather_pipeline' retrieved from /opt/airflow/dags/weather_pipeline_dag.py
[2026-06-20T08:03:47.721+0000] {logging_mixin.py:188} INFO - [2026-06-20T08:03:47.721+0000] {dag.py:3033} INFO - Sync 1 DAGs
[2026-06-20T08:03:47.750+0000] {logging_mixin.py:188} INFO - [2026-06-20T08:03:47.750+0000] {dag.py:3820} INFO - Setting next_dagrun for weather_pipeline to 2026-06-20T08:00:00+00:00, run_after=2026-06-20T09:00:00+00:00
[2026-06-20T08:03:47.769+0000] {processor.py:183} INFO - Processing /opt/airflow/dags/weather_pipeline_dag.py took 0.108 seconds
[2026-06-20T08:04:17.845+0000] {processor.py:161} INFO - Started process (PID=290) to work on /opt/airflow/dags/weather_pipeline_dag.py
[2026-06-20T08:04:17.849+0000] {processor.py:830} INFO - Processing file /opt/airflow/dags/weather_pipeline_dag.py for tasks to queue
[2026-06-20T08:02:49.711+0000] {logging_mixin.py:188} INFO - [2026-06-20T08:04:17.851+0000] {dagbag.py:538} INFO - Filling up the DagBag from /opt/airflow/dags/weather_pipeline_dag.py
[2026-06-20T08:02:49.737+0000] {processor.py:840} INFO - DAG(s) 'weather_pipeline' retrieved from /opt/airflow/dags/weather_pipeline_dag.py
[2026-06-20T08:02:49.781+0000] {logging_mixin.py:188} INFO - [2026-06-20T08:02:49.781+0000] {dag.py:3033} INFO - Sync 1 DAGs
[2026-06-20T08:02:49.830+0000] {logging_mixin.py:188} INFO - [2026-06-20T08:02:49.830+0000] {dag.py:3820} INFO - Setting next_dagrun for weather_pipeline to 2026-06-20T08:00:00+00:00, run_after=2026-06-20T09:00:00+00:00
[2026-06-20T08:02:49.857+0000] {processor.py:183} INFO - Processing /opt/airflow/dags/weather_pipeline_dag.py took 0.170 seconds
[2026-06-20T08:04:19.958+0000] {processor.py:161} INFO - Started process (PID=295) to work on /opt/airflow/dags/weather_pipeline_dag.py
[2026-06-20T08:04:19.959+0000] {processor.py:830} INFO - Processing file /opt/airflow/dags/weather_pipeline_dag.py for tasks to queue
[2026-06-20T08:04:19.960+0000] {logging_mixin.py:188} INFO - [2026-06-20T08:04:19.959+0000] {dagbag.py:538} INFO - Filling up the DagBag from /opt/airflow/dags/weather_pipeline_dag.py
[2026-06-20T08:02:51.833+0000] {processor.py:840} INFO - DAG(s) 'weather_pipeline' retrieved from /opt/airflow/dags/weather_pipeline_dag.py
[2026-06-20T08:02:51.880+0000] {logging_mixin.py:188} INFO - [2026-06-20T08:02:51.880+0000] {dag.py:3033} INFO - Sync 1 DAGs
[2026-06-20T08:02:51.918+0000] {logging_mixin.py:188} INFO - [2026-06-20T08:02:51.918+0000] {dag.py:3820} INFO - Setting next_dagrun for weather_pipeline to 2026-06-20T08:00:00+00:00, run_after=2026-06-20T09:00:00+00:00
[2026-06-20T08:02:51.942+0000] {processor.py:183} INFO - Processing /opt/airflow/dags/weather_pipeline_dag.py took 0.135 seconds
[2026-06-20T08:03:22.038+0000] {processor.py:161} INFO - Started process (PID=302) to work on /opt/airflow/dags/weather_pipeline_dag.py
[2026-06-20T08:03:22.040+0000] {processor.py:830} INFO - Processing file /opt/airflow/dags/weather_pipeline_dag.py for tasks to queue
[2026-06-20T08:03:22.042+0000] {logging_mixin.py:188} INFO - [2026-06-20T08:03:22.041+0000] {dagbag.py:538} INFO - Filling up the DagBag from /opt/airflow/dags/weather_pipeline_dag.py
[2026-06-20T08:03:22.060+0000] {processor.py:840} INFO - DAG(s) 'weather_pipeline' retrieved from /opt/airflow/dags/weather_pipeline_dag.py
[2026-06-20T08:03:22.097+0000] {logging_mixin.py:188} INFO - [2026-06-20T08:03:22.097+0000] {dag.py:3033} INFO - Sync 1 DAGs
[2026-06-20T08:03:22.125+0000] {logging_mixin.py:188} INFO - [2026-06-20T08:03:22.125+0000] {dag.py:3820} INFO - Setting next_dagrun for weather_pipeline to 2026-06-20T08:00:00+00:00, run_after=2026-06-20T09:00:00+00:00
[2026-06-20T08:03:22.149+0000] {processor.py:183} INFO - Processing /opt/airflow/dags/weather_pipeline_dag.py took 0.114 seconds
[2026-06-20T08:03:52.278+0000] {processor.py:161} INFO - Started process (PID=307) to work on /opt/airflow/dags/weather_pipeline_dag.py
[2026-06-20T08:03:52.283+0000] {processor.py:830} INFO - Processing file /opt/airflow/dags/weather_pipeline_dag.py for tasks to queue
[2026-06-20T08:03:52.286+0000] {logging_mixin.py:188} INFO - [2026-06-20T08:03:52.285+0000] {dagbag.py:538} INFO - Filling up the DagBag from /opt/airflow/dags/weather_pipeline_dag.py
[2026-06-20T08:03:52.319+0000] {processor.py:840} INFO - DAG(s) 'weather_pipeline' retrieved from /opt/airflow/dags/weather_pipeline_dag.py
[2026-06-20T08:03:52.360+0000] {logging_mixin.py:188} INFO - [2026-06-20T08:03:52.360+0000] {dag.py:3033} INFO - Sync 1 DAGs
[2026-06-20T08:03:52.382+0000] {logging_mixin.py:188} INFO - [2026-06-20T08:03:52.382+0000] {dag.py:3820} INFO - Setting next_dagrun for weather_pipeline to 2026-06-20T08:00:00+00:00, run_after=2026-06-20T09:00:00+00:00
[2026-06-20T08:03:52.404+0000] {processor.py:183} INFO - Processing /opt/airflow/dags/weather_pipeline_dag.py took 0.136 seconds
[2026-06-20T08:04:22.507+0000] {processor.py:161} INFO - Started process (PID=312) to work on /opt/airflow/dags/weather_pipeline_dag.py
[2026-06-20T08:04:22.509+0000] {processor.py:830} INFO - Processing file /opt/airflow/dags/weather_pipeline_dag.py for tasks to queue
[2026-06-20T08:04:22.510+0000] {logging_mixin.py:188} INFO - [2026-06-20T08:04:22.509+0000] {dagbag.py:538} INFO - Filling up the DagBag from /opt/airflow/dags/weather_pipeline_dag.py
[2026-06-20T08:04:22.538+0000] {processor.py:840} INFO - DAG(s) 'weather_pipeline' retrieved from /opt/airflow/dags/weather_pipeline_dag.py
[2026-06-20T08:04:22.584+0000] {logging_mixin.py:188} INFO - [2026-06-20T08:04:22.584+0000] {dag.py:3033} INFO - Sync 1 DAGs
[2026-06-20T08:04:22.605+0000] {logging_mixin.py:188} INFO - [2026-06-20T08:04:22.605+0000] {dag.py:3820} INFO - Setting next_dagrun for weather_pipeline to 2026-06-20T08:00:00+00:00, run_after=2026-06-20T09:00:00+00:00
[2026-06-20T08:04:22.623+0000] {processor.py:183} INFO - Processing /opt/airflow/dags/weather_pipeline_dag.py took 0.122 seconds
[2026-06-20T08:06:19.879+0000] {processor.py:161} INFO - Started process (PID=317) to work on /opt/airflow/dags/weather_pipeline_dag.py
[2026-06-20T08:06:19.880+0000] {processor.py:830} INFO - Processing file /opt/airflow/dags/weather_pipeline_dag.py for tasks to queue
[2026-06-20T08:06:19.881+0000] {logging_mixin.py:188} INFO - [2026-06-20T08:06:19.880+0000] {dagbag.py:538} INFO - Filling up the DagBag from /opt/airflow/dags/weather_pipeline_dag.py
[2026-06-20T08:06:19.895+0000] {processor.py:840} INFO - DAG(s) 'weather_pipeline' retrieved from /opt/airflow/dags/weather_pipeline_dag.py
[2026-06-20T08:06:19.932+0000] {logging_mixin.py:188} INFO - [2026-06-20T08:06:19.932+0000] {dag.py:3033} INFO - Sync 1 DAGs
[2026-06-20T08:06:19.956+0000] {logging_mixin.py:188} INFO - [2026-06-20T08:06:19.955+0000] {dag.py:3820} INFO - Setting next_dagrun for weather_pipeline to 2026-06-20T08:00:00+00:00, run_after=2026-06-20T09:00:00+00:00
[2026-06-20T08:06:19.975+0000] {processor.py:183} INFO - Processing /opt/airflow/dags/weather_pipeline_dag.py took 0.106 seconds
[2026-06-20T08:06:53.102+0000] {processor.py:161} INFO - Started process (PID=322) to work on /opt/airflow/dags/weather_pipeline_dag.py
[2026-06-20T08:06:53.103+0000] {processor.py:830} INFO - Processing file /opt/airflow/dags/weather_pipeline_dag.py for tasks to queue
[2026-06-20T08:06:53.105+0000] {logging_mixin.py:188} INFO - [2026-06-20T08:06:53.104+0000] {dagbag.py:538} INFO - Filling up the DagBag from /opt/airflow/dags/weather_pipeline_dag.py
[2026-06-20T08:06:53.121+0000] {processor.py:840} INFO - DAG(s) 'weather_pipeline' retrieved from /opt/airflow/dags/weather_pipeline_dag.py
[2026-06-20T08:06:53.155+0000] {logging_mixin.py:188} INFO - [2026-06-20T08:06:53.154+0000] {dag.py:3033} INFO - Sync 1 DAGs
[2026-06-20T08:05:25.039+0000] {logging_mixin.py:188} INFO - [2026-06-20T08:05:25.039+0000] {dag.py:3820} INFO - Setting next_dagrun for weather_pipeline to 2026-06-20T08:00:00+00:00, run_after=2026-06-20T09:00:00+00:00
[2026-06-20T08:05:25.064+0000] {processor.py:183} INFO - Processing /opt/airflow/dags/weather_pipeline_dag.py took 0.119 seconds
[2026-06-20T08:05:30.057+0000] {processor.py:161} INFO - Started process (PID=327) to work on /opt/airflow/dags/weather_pipeline_dag.py
[2026-06-20T08:05:30.058+0000] {processor.py:830} INFO - Processing file /opt/airflow/dags/weather_pipeline_dag.py for tasks to queue
[2026-06-20T08:05:30.060+0000] {logging_mixin.py:188} INFO - [2026-06-20T08:05:30.059+0000] {dagbag.py:538} INFO - Filling up the DagBag from /opt/airflow/dags/weather_pipeline_dag.py
[2026-06-20T08:05:30.082+0000] {processor.py:840} INFO - DAG(s) 'weather_pipeline' retrieved from /opt/airflow/dags/weather_pipeline_dag.py
[2026-06-20T08:05:30.126+0000] {logging_mixin.py:188} INFO - [2026-06-20T08:05:30.126+0000] {dag.py:3033} INFO - Sync 1 DAGs
[2026-06-20T08:05:30.158+0000] {logging_mixin.py:188} INFO - [2026-06-20T08:05:30.157+0000] {dag.py:3820} INFO - Setting next_dagrun for weather_pipeline to 2026-06-20T08:00:00+00:00, run_after=2026-06-20T09:00:00+00:00
[2026-06-20T08:05:30.185+0000] {processor.py:183} INFO - Processing /opt/airflow/dags/weather_pipeline_dag.py took 0.135 seconds
[2026-06-20T08:06:00.327+0000] {processor.py:161} INFO - Started process (PID=332) to work on /opt/airflow/dags/weather_pipeline_dag.py
[2026-06-20T08:06:00.328+0000] {processor.py:830} INFO - Processing file /opt/airflow/dags/weather_pipeline_dag.py for tasks to queue
[2026-06-20T08:06:00.329+0000] {logging_mixin.py:188} INFO - [2026-06-20T08:06:00.329+0000] {dagbag.py:538} INFO - Filling up the DagBag from /opt/airflow/dags/weather_pipeline_dag.py
[2026-06-20T08:06:00.344+0000] {processor.py:840} INFO - DAG(s) 'weather_pipeline' retrieved from /opt/airflow/dags/weather_pipeline_dag.py
[2026-06-20T08:06:00.375+0000] {logging_mixin.py:188} INFO - [2026-06-20T08:06:00.375+0000] {dag.py:3033} INFO - Sync 1 DAGs
[2026-06-20T08:06:00.402+0000] {logging_mixin.py:188} INFO - [2026-06-20T08:06:00.402+0000] {dag.py:3820} INFO - Setting next_dagrun for weather_pipeline to 2026-06-20T08:00:00+00:00, run_after=2026-06-20T09:00:00+00:00
[2026-06-20T08:06:00.423+0000] {processor.py:183} INFO - Processing /opt/airflow/dags/weather_pipeline_dag.py took 0.100 seconds
[2026-06-20T08:06:30.524+0000] {processor.py:161} INFO - Started process (PID=337) to work on /opt/airflow/dags/weather_pipeline_dag.py
[2026-06-20T08:06:30.526+0000] {processor.py:830} INFO - Processing file /opt/airflow/dags/weather_pipeline_dag.py for tasks to queue
[2026-06-20T08:06:30.527+0000] {logging_mixin.py:188} INFO - [2026-06-20T08:06:30.527+0000] {dagbag.py:538} INFO - Filling up the DagBag from /opt/airflow/dags/weather_pipeline_dag.py
[2026-06-20T08:06:30.543+0000] {processor.py:840} INFO - DAG(s) 'weather_pipeline' retrieved from /opt/airflow/dags/weather_pipeline_dag.py
[2026-06-20T08:06:30.574+0000] {logging_mixin.py:188} INFO - [2026-06-20T08:06:30.574+0000] {dag.py:3033} INFO - Sync 1 DAGs
[2026-06-20T08:06:30.596+0000] {logging_mixin.py:188} INFO - [2026-06-20T08:06:30.596+0000] {dag.py:3820} INFO - Setting next_dagrun for weather_pipeline to 2026-06-20T08:00:00+00:00, run_after=2026-06-20T09:00:00+00:00
[2026-06-20T08:06:30.616+0000] {processor.py:183} INFO - Processing /opt/airflow/dags/weather_pipeline_dag.py took 0.096 seconds
[2026-06-20T08:07:00.772+0000] {processor.py:161} INFO - Started process (PID=342) to work on /opt/airflow/dags/weather_pipeline_dag.py
[2026-06-20T08:07:00.774+0000] {processor.py:830} INFO - Processing file /opt/airflow/dags/weather_pipeline_dag.py for tasks to queue
[2026-06-20T08:07:00.775+0000] {logging_mixin.py:188} INFO - [2026-06-20T08:07:00.775+0000] {dagbag.py:538} INFO - Filling up the DagBag from /opt/airflow/dags/weather_pipeline_dag.py
[2026-06-20T08:07:00.793+0000] {processor.py:840} INFO - DAG(s) 'weather_pipeline' retrieved from /opt/airflow/dags/weather_pipeline_dag.py
[2026-06-20T08:07:00.823+0000] {logging_mixin.py:188} INFO - [2026-06-20T08:07:00.823+0000] {dag.py:3033} INFO - Sync 1 DAGs
[2026-06-20T08:07:00.845+0000] {logging_mixin.py:188} INFO - [2026-06-20T08:07:00.844+0000] {dag.py:3820} INFO - Setting next_dagrun for weather_pipeline to 2026-06-20T08:00:00+00:00, run_after=2026-06-20T09:00:00+00:00
[2026-06-20T08:07:00.867+0000] {processor.py:183} INFO - Processing /opt/airflow/dags/weather_pipeline_dag.py took 0.099 seconds
[2026-06-20T08:07:30.949+0000] {processor.py:161} INFO - Started process (PID=347) to work on /opt/airflow/dags/weather_pipeline_dag.py
[2026-06-20T08:07:30.951+0000] {processor.py:830} INFO - Processing file /opt/airflow/dags/weather_pipeline_dag.py for tasks to queue
[2026-06-20T08:07:30.951+0000] {logging_mixin.py:188} INFO - [2026-06-20T08:07:30.951+0000] {dagbag.py:538} INFO - Filling up the DagBag from /opt/airflow/dags/weather_pipeline_dag.py
[2026-06-20T08:07:30.967+0000] {processor.py:840} INFO - DAG(s) 'weather_pipeline' retrieved from /opt/airflow/dags/weather_pipeline_dag.py
[2026-06-20T08:07:31.015+0000] {logging_mixin.py:188} INFO - [2026-06-20T08:07:31.015+0000] {dag.py:3033} INFO - Sync 1 DAGs
[2026-06-20T08:07:31.042+0000] {logging_mixin.py:188} INFO - [2026-06-20T08:07:31.042+0000] {dag.py:3820} INFO - Setting next_dagrun for weather_pipeline to 2026-06-20T08:00:00+00:00, run_after=2026-06-20T09:00:00+00:00
[2026-06-20T08:07:31.061+0000] {processor.py:183} INFO - Processing /opt/airflow/dags/weather_pipeline_dag.py took 0.116 seconds
[2026-06-20T08:09:03.244+0000] {processor.py:161} INFO - Started process (PID=352) to work on /opt/airflow/dags/weather_pipeline_dag.py
[2026-06-20T08:09:03.245+0000] {processor.py:830} INFO - Processing file /opt/airflow/dags/weather_pipeline_dag.py for tasks to queue
[2026-06-20T08:09:03.246+0000] {logging_mixin.py:188} INFO - [2026-06-20T08:09:03.246+0000] {dagbag.py:538} INFO - Filling up the DagBag from /opt/airflow/dags/weather_pipeline_dag.py
[2026-06-20T08:09:03.260+0000] {processor.py:840} INFO - DAG(s) 'weather_pipeline' retrieved from /opt/airflow/dags/weather_pipeline_dag.py
[2026-06-20T08:09:03.289+0000] {logging_mixin.py:188} INFO - [2026-06-20T08:09:03.289+0000] {dag.py:3033} INFO - Sync 1 DAGs
[2026-06-20T08:09:03.310+0000] {logging_mixin.py:188} INFO - [2026-06-20T08:09:03.310+0000] {dag.py:3820} INFO - Setting next_dagrun for weather_pipeline to 2026-06-20T08:00:00+00:00, run_after=2026-06-20T09:00:00+00:00
[2026-06-20T08:09:03.328+0000] {processor.py:183} INFO - Processing /opt/airflow/dags/weather_pipeline_dag.py took 0.089 seconds
[2026-06-20T08:08:38.446+0000] {processor.py:161} INFO - Started process (PID=160) to work on /opt/airflow/dags/weather_pipeline_dag.py
[2026-06-20T08:08:38.453+0000] {processor.py:830} INFO - Processing file /opt/airflow/dags/weather_pipeline_dag.py for tasks to queue
[2026-06-20T08:08:38.455+0000] {logging_mixin.py:188} INFO - [2026-06-20T08:08:38.454+0000] {dagbag.py:538} INFO - Filling up the DagBag from /opt/airflow/dags/weather_pipeline_dag.py
[2026-06-20T08:08:38.498+0000] {processor.py:840} INFO - DAG(s) 'weather_pipeline' retrieved from /opt/airflow/dags/weather_pipeline_dag.py
[2026-06-20T08:08:38.989+0000] {logging_mixin.py:188} INFO - [2026-06-20T08:08:38.989+0000] {dag.py:3033} INFO - Sync 1 DAGs
[2026-06-20T08:08:39.078+0000] {logging_mixin.py:188} INFO - [2026-06-20T08:08:39.078+0000] {dag.py:3820} INFO - Setting next_dagrun for weather_pipeline to 2026-06-20T08:00:00+00:00, run_after=2026-06-20T09:00:00+00:00
[2026-06-20T08:08:39.118+0000] {processor.py:183} INFO - Processing /opt/airflow/dags/weather_pipeline_dag.py took 0.677 seconds
[2026-06-20T08:09:03.035+0000] {processor.py:161} INFO - Started process (PID=161) to work on /opt/airflow/dags/weather_pipeline_dag.py
[2026-06-20T08:09:03.037+0000] {processor.py:830} INFO - Processing file /opt/airflow/dags/weather_pipeline_dag.py for tasks to queue
[2026-06-20T08:09:03.038+0000] {logging_mixin.py:188} INFO - [2026-06-20T08:09:03.037+0000] {dagbag.py:538} INFO - Filling up the DagBag from /opt/airflow/dags/weather_pipeline_dag.py
[2026-06-20T08:09:03.064+0000] {processor.py:840} INFO - DAG(s) 'weather_pipeline' retrieved from /opt/airflow/dags/weather_pipeline_dag.py
[2026-06-20T08:09:03.304+0000] {logging_mixin.py:188} INFO - [2026-06-20T08:09:03.304+0000] {dag.py:3033} INFO - Sync 1 DAGs
[2026-06-20T08:09:03.324+0000] {logging_mixin.py:188} INFO - [2026-06-20T08:09:03.324+0000] {dag.py:3820} INFO - Setting next_dagrun for weather_pipeline to 2026-06-20T08:00:00+00:00, run_after=2026-06-20T09:00:00+00:00
[2026-06-20T08:09:03.347+0000] {processor.py:183} INFO - Processing /opt/airflow/dags/weather_pipeline_dag.py took 0.316 seconds
[2026-06-20T08:10:33.525+0000] {processor.py:161} INFO - Started process (PID=166) to work on /opt/airflow/dags/weather_pipeline_dag.py
[2026-06-20T08:10:33.525+0000] {processor.py:830} INFO - Processing file /opt/airflow/dags/weather_pipeline_dag.py for tasks to queue
[2026-06-20T08:10:33.526+0000] {logging_mixin.py:188} INFO - [2026-06-20T08:10:33.526+0000] {dagbag.py:538} INFO - Filling up the DagBag from /opt/airflow/dags/weather_pipeline_dag.py
[2026-06-20T08:09:05.397+0000] {processor.py:840} INFO - DAG(s) 'weather_pipeline' retrieved from /opt/airflow/dags/weather_pipeline_dag.py
[2026-06-20T08:09:05.416+0000] {logging_mixin.py:188} INFO - [2026-06-20T08:09:05.416+0000] {dag.py:3033} INFO - Sync 1 DAGs
[2026-06-20T08:09:05.451+0000] {logging_mixin.py:188} INFO - [2026-06-20T08:09:05.450+0000] {dag.py:3820} INFO - Setting next_dagrun for weather_pipeline to 2026-06-20T08:00:00+00:00, run_after=2026-06-20T09:00:00+00:00
[2026-06-20T08:09:05.474+0000] {processor.py:183} INFO - Processing /opt/airflow/dags/weather_pipeline_dag.py took 0.097 seconds
[2026-06-20T08:09:35.552+0000] {processor.py:161} INFO - Started process (PID=171) to work on /opt/airflow/dags/weather_pipeline_dag.py
[2026-06-20T08:09:35.553+0000] {processor.py:830} INFO - Processing file /opt/airflow/dags/weather_pipeline_dag.py for tasks to queue
[2026-06-20T08:09:35.554+0000] {logging_mixin.py:188} INFO - [2026-06-20T08:09:35.554+0000] {dagbag.py:538} INFO - Filling up the DagBag from /opt/airflow/dags/weather_pipeline_dag.py
[2026-06-20T08:09:35.572+0000] {processor.py:840} INFO - DAG(s) 'weather_pipeline' retrieved from /opt/airflow/dags/weather_pipeline_dag.py
[2026-06-20T08:09:35.606+0000] {logging_mixin.py:188} INFO - [2026-06-20T08:09:35.605+0000] {dag.py:3033} INFO - Sync 1 DAGs
[2026-06-20T08:09:35.630+0000] {logging_mixin.py:188} INFO - [2026-06-20T08:09:35.630+0000] {dag.py:3820} INFO - Setting next_dagrun for weather_pipeline to 2026-06-20T08:00:00+00:00, run_after=2026-06-20T09:00:00+00:00
[2026-06-20T08:09:35.651+0000] {processor.py:183} INFO - Processing /opt/airflow/dags/weather_pipeline_dag.py took 0.103 seconds
[2026-06-20T08:10:05.797+0000] {processor.py:161} INFO - Started process (PID=176) to work on /opt/airflow/dags/weather_pipeline_dag.py
[2026-06-20T08:10:05.799+0000] {processor.py:830} INFO - Processing file /opt/airflow/dags/weather_pipeline_dag.py for tasks to queue
[2026-06-20T08:10:05.801+0000] {logging_mixin.py:188} INFO - [2026-06-20T08:10:05.800+0000] {dagbag.py:538} INFO - Filling up the DagBag from /opt/airflow/dags/weather_pipeline_dag.py
[2026-06-20T08:10:05.821+0000] {processor.py:840} INFO - DAG(s) 'weather_pipeline' retrieved from /opt/airflow/dags/weather_pipeline_dag.py
[2026-06-20T08:10:05.856+0000] {logging_mixin.py:188} INFO - [2026-06-20T08:10:05.856+0000] {dag.py:3033} INFO - Sync 1 DAGs
[2026-06-20T08:10:05.883+0000] {logging_mixin.py:188} INFO - [2026-06-20T08:10:05.883+0000] {dag.py:3820} INFO - Setting next_dagrun for weather_pipeline to 2026-06-20T08:00:00+00:00, run_after=2026-06-20T09:00:00+00:00
[2026-06-20T08:10:05.904+0000] {processor.py:183} INFO - Processing /opt/airflow/dags/weather_pipeline_dag.py took 0.114 seconds
[2026-06-20T08:11:50.042+0000] {processor.py:161} INFO - Started process (PID=182) to work on /opt/airflow/dags/weather_pipeline_dag.py
[2026-06-20T08:11:50.043+0000] {processor.py:830} INFO - Processing file /opt/airflow/dags/weather_pipeline_dag.py for tasks to queue
[2026-06-20T08:11:50.044+0000] {logging_mixin.py:188} INFO - [2026-06-20T08:11:50.044+0000] {dagbag.py:538} INFO - Filling up the DagBag from /opt/airflow/dags/weather_pipeline_dag.py
[2026-06-20T08:10:21.924+0000] {processor.py:840} INFO - DAG(s) 'weather_pipeline' retrieved from /opt/airflow/dags/weather_pipeline_dag.py
[2026-06-20T08:10:21.982+0000] {logging_mixin.py:188} INFO - [2026-06-20T08:10:21.982+0000] {dag.py:3033} INFO - Sync 1 DAGs
[2026-06-20T08:10:22.009+0000] {logging_mixin.py:188} INFO - [2026-06-20T08:10:22.009+0000] {dag.py:3820} INFO - Setting next_dagrun for weather_pipeline to 2026-06-20T08:00:00+00:00, run_after=2026-06-20T09:00:00+00:00
[2026-06-20T08:10:22.033+0000] {processor.py:183} INFO - Processing /opt/airflow/dags/weather_pipeline_dag.py took 0.139 seconds
[2026-06-20T08:10:52.217+0000] {processor.py:161} INFO - Started process (PID=189) to work on /opt/airflow/dags/weather_pipeline_dag.py
[2026-06-20T08:10:52.219+0000] {processor.py:830} INFO - Processing file /opt/airflow/dags/weather_pipeline_dag.py for tasks to queue
[2026-06-20T08:10:52.219+0000] {logging_mixin.py:188} INFO - [2026-06-20T08:10:52.219+0000] {dagbag.py:538} INFO - Filling up the DagBag from /opt/airflow/dags/weather_pipeline_dag.py
[2026-06-20T08:10:52.233+0000] {processor.py:840} INFO - DAG(s) 'weather_pipeline' retrieved from /opt/airflow/dags/weather_pipeline_dag.py
[2026-06-20T08:10:52.261+0000] {logging_mixin.py:188} INFO - [2026-06-20T08:10:52.261+0000] {dag.py:3033} INFO - Sync 1 DAGs
[2026-06-20T08:10:52.284+0000] {logging_mixin.py:188} INFO - [2026-06-20T08:10:52.284+0000] {dag.py:3820} INFO - Setting next_dagrun for weather_pipeline to 2026-06-20T08:00:00+00:00, run_after=2026-06-20T09:00:00+00:00
[2026-06-20T08:10:52.303+0000] {processor.py:183} INFO - Processing /opt/airflow/dags/weather_pipeline_dag.py took 0.089 seconds
[2026-06-20T08:11:22.424+0000] {processor.py:161} INFO - Started process (PID=196) to work on /opt/airflow/dags/weather_pipeline_dag.py
[2026-06-20T08:11:22.425+0000] {processor.py:830} INFO - Processing file /opt/airflow/dags/weather_pipeline_dag.py for tasks to queue
[2026-06-20T08:11:22.426+0000] {logging_mixin.py:188} INFO - [2026-06-20T08:11:22.426+0000] {dagbag.py:538} INFO - Filling up the DagBag from /opt/airflow/dags/weather_pipeline_dag.py
[2026-06-20T08:11:22.445+0000] {processor.py:840} INFO - DAG(s) 'weather_pipeline' retrieved from /opt/airflow/dags/weather_pipeline_dag.py
[2026-06-20T08:11:22.477+0000] {logging_mixin.py:188} INFO - [2026-06-20T08:11:22.477+0000] {dag.py:3033} INFO - Sync 1 DAGs
[2026-06-20T08:11:22.500+0000] {logging_mixin.py:188} INFO - [2026-06-20T08:11:22.500+0000] {dag.py:3820} INFO - Setting next_dagrun for weather_pipeline to 2026-06-20T08:00:00+00:00, run_after=2026-06-20T09:00:00+00:00
[2026-06-20T08:11:22.519+0000] {processor.py:183} INFO - Processing /opt/airflow/dags/weather_pipeline_dag.py took 0.100 seconds
[2026-06-20T08:12:53.710+0000] {processor.py:161} INFO - Started process (PID=201) to work on /opt/airflow/dags/weather_pipeline_dag.py
[2026-06-20T08:12:53.711+0000] {processor.py:830} INFO - Processing file /opt/airflow/dags/weather_pipeline_dag.py for tasks to queue
[2026-06-20T08:12:53.713+0000] {logging_mixin.py:188} INFO - [2026-06-20T08:12:53.712+0000] {dagbag.py:538} INFO - Filling up the DagBag from /opt/airflow/dags/weather_pipeline_dag.py
[2026-06-20T08:12:53.727+0000] {processor.py:840} INFO - DAG(s) 'weather_pipeline' retrieved from /opt/airflow/dags/weather_pipeline_dag.py
[2026-06-20T08:12:53.758+0000] {logging_mixin.py:188} INFO - [2026-06-20T08:12:53.758+0000] {dag.py:3033} INFO - Sync 1 DAGs
[2026-06-20T08:12:53.780+0000] {logging_mixin.py:188} INFO - [2026-06-20T08:12:53.780+0000] {dag.py:3820} INFO - Setting next_dagrun for weather_pipeline to 2026-06-20T08:00:00+00:00, run_after=2026-06-20T09:00:00+00:00
[2026-06-20T08:11:25.658+0000] {processor.py:183} INFO - Processing /opt/airflow/dags/weather_pipeline_dag.py took 0.094 seconds
[2026-06-20T08:12:58.752+0000] {processor.py:161} INFO - Started process (PID=206) to work on /opt/airflow/dags/weather_pipeline_dag.py
[2026-06-20T08:12:58.753+0000] {processor.py:830} INFO - Processing file /opt/airflow/dags/weather_pipeline_dag.py for tasks to queue
[2026-06-20T08:12:58.754+0000] {logging_mixin.py:188} INFO - [2026-06-20T08:12:58.754+0000] {dagbag.py:538} INFO - Filling up the DagBag from /opt/airflow/dags/weather_pipeline_dag.py
[2026-06-20T08:12:58.769+0000] {processor.py:840} INFO - DAG(s) 'weather_pipeline' retrieved from /opt/airflow/dags/weather_pipeline_dag.py
[2026-06-20T08:11:30.662+0000] {logging_mixin.py:188} INFO - [2026-06-20T08:11:30.662+0000] {dag.py:3033} INFO - Sync 1 DAGs
[2026-06-20T08:11:30.685+0000] {logging_mixin.py:188} INFO - [2026-06-20T08:11:30.685+0000] {dag.py:3820} INFO - Setting next_dagrun for weather_pipeline to 2026-06-20T08:00:00+00:00, run_after=2026-06-20T09:00:00+00:00
[2026-06-20T08:11:30.705+0000] {processor.py:183} INFO - Processing /opt/airflow/dags/weather_pipeline_dag.py took 0.102 seconds
[2026-06-20T08:13:19.983+0000] {processor.py:161} INFO - Started process (PID=211) to work on /opt/airflow/dags/weather_pipeline_dag.py
[2026-06-20T08:13:19.984+0000] {processor.py:830} INFO - Processing file /opt/airflow/dags/weather_pipeline_dag.py for tasks to queue
[2026-06-20T08:13:19.985+0000] {logging_mixin.py:188} INFO - [2026-06-20T08:13:19.984+0000] {dagbag.py:538} INFO - Filling up the DagBag from /opt/airflow/dags/weather_pipeline_dag.py
[2026-06-20T08:13:20.002+0000] {processor.py:840} INFO - DAG(s) 'weather_pipeline' retrieved from /opt/airflow/dags/weather_pipeline_dag.py
[2026-06-20T08:13:20.033+0000] {logging_mixin.py:188} INFO - [2026-06-20T08:13:20.033+0000] {dag.py:3033} INFO - Sync 1 DAGs
[2026-06-20T08:13:20.056+0000] {logging_mixin.py:188} INFO - [2026-06-20T08:13:20.056+0000] {dag.py:3820} INFO - Setting next_dagrun for weather_pipeline to 2026-06-20T08:00:00+00:00, run_after=2026-06-20T09:00:00+00:00
[2026-06-20T08:13:20.075+0000] {processor.py:183} INFO - Processing /opt/airflow/dags/weather_pipeline_dag.py took 0.097 seconds
[2026-06-20T08:13:50.512+0000] {processor.py:161} INFO - Started process (PID=216) to work on /opt/airflow/dags/weather_pipeline_dag.py
[2026-06-20T08:13:50.514+0000] {processor.py:830} INFO - Processing file /opt/airflow/dags/weather_pipeline_dag.py for tasks to queue
[2026-06-20T08:13:50.515+0000] {logging_mixin.py:188} INFO - [2026-06-20T08:13:50.514+0000] {dagbag.py:538} INFO - Filling up the DagBag from /opt/airflow/dags/weather_pipeline_dag.py
[2026-06-20T08:13:50.529+0000] {processor.py:840} INFO - DAG(s) 'weather_pipeline' retrieved from /opt/airflow/dags/weather_pipeline_dag.py
[2026-06-20T08:13:50.558+0000] {logging_mixin.py:188} INFO - [2026-06-20T08:13:50.557+0000] {dag.py:3033} INFO - Sync 1 DAGs
[2026-06-20T08:13:50.580+0000] {logging_mixin.py:188} INFO - [2026-06-20T08:13:50.580+0000] {dag.py:3820} INFO - Setting next_dagrun for weather_pipeline to 2026-06-20T08:00:00+00:00, run_after=2026-06-20T09:00:00+00:00
[2026-06-20T08:13:50.600+0000] {processor.py:183} INFO - Processing /opt/airflow/dags/weather_pipeline_dag.py took 0.091 seconds
[2026-06-20T08:14:20.758+0000] {processor.py:161} INFO - Started process (PID=221) to work on /opt/airflow/dags/weather_pipeline_dag.py
[2026-06-20T08:14:20.759+0000] {processor.py:830} INFO - Processing file /opt/airflow/dags/weather_pipeline_dag.py for tasks to queue
[2026-06-20T08:14:20.760+0000] {logging_mixin.py:188} INFO - [2026-06-20T08:14:20.760+0000] {dagbag.py:538} INFO - Filling up the DagBag from /opt/airflow/dags/weather_pipeline_dag.py
[2026-06-20T08:14:20.778+0000] {processor.py:840} INFO - DAG(s) 'weather_pipeline' retrieved from /opt/airflow/dags/weather_pipeline_dag.py
[2026-06-20T08:15:48.951+0000] {logging_mixin.py:188} INFO - [2026-06-20T08:15:48.951+0000] {dag.py:3033} INFO - Sync 1 DAGs
[2026-06-20T08:15:48.975+0000] {logging_mixin.py:188} INFO - [2026-06-20T08:15:48.975+0000] {dag.py:3820} INFO - Setting next_dagrun for weather_pipeline to 2026-06-20T08:00:00+00:00, run_after=2026-06-20T09:00:00+00:00
[2026-06-20T08:15:48.996+0000] {processor.py:183} INFO - Processing /opt/airflow/dags/weather_pipeline_dag.py took 0.100 seconds
[2026-06-20T08:16:19.099+0000] {processor.py:161} INFO - Started process (PID=226) to work on /opt/airflow/dags/weather_pipeline_dag.py
[2026-06-20T08:16:19.103+0000] {processor.py:830} INFO - Processing file /opt/airflow/dags/weather_pipeline_dag.py for tasks to queue
[2026-06-20T08:16:19.106+0000] {logging_mixin.py:188} INFO - [2026-06-20T08:16:19.105+0000] {dagbag.py:538} INFO - Filling up the DagBag from /opt/airflow/dags/weather_pipeline_dag.py
[2026-06-20T08:16:19.144+0000] {processor.py:840} INFO - DAG(s) 'weather_pipeline' retrieved from /opt/airflow/dags/weather_pipeline_dag.py
[2026-06-20T08:14:51.032+0000] {logging_mixin.py:188} INFO - [2026-06-20T08:14:51.032+0000] {dag.py:3033} INFO - Sync 1 DAGs
[2026-06-20T08:14:51.057+0000] {logging_mixin.py:188} INFO - [2026-06-20T08:14:51.057+0000] {dag.py:3820} INFO - Setting next_dagrun for weather_pipeline to 2026-06-20T08:00:00+00:00, run_after=2026-06-20T09:00:00+00:00
[2026-06-20T08:14:51.081+0000] {processor.py:183} INFO - Processing /opt/airflow/dags/weather_pipeline_dag.py took 0.142 seconds
[2026-06-20T08:14:56.037+0000] {processor.py:161} INFO - Started process (PID=231) to work on /opt/airflow/dags/weather_pipeline_dag.py
[2026-06-20T08:14:56.040+0000] {processor.py:830} INFO - Processing file /opt/airflow/dags/weather_pipeline_dag.py for tasks to queue
[2026-06-20T08:14:56.043+0000] {logging_mixin.py:188} INFO - [2026-06-20T08:14:56.042+0000] {dagbag.py:538} INFO - Filling up the DagBag from /opt/airflow/dags/weather_pipeline_dag.py
[2026-06-20T08:14:56.079+0000] {processor.py:840} INFO - DAG(s) 'weather_pipeline' retrieved from /opt/airflow/dags/weather_pipeline_dag.py
[2026-06-20T08:14:56.110+0000] {logging_mixin.py:188} INFO - [2026-06-20T08:14:56.109+0000] {dag.py:3033} INFO - Sync 1 DAGs
[2026-06-20T08:14:56.132+0000] {logging_mixin.py:188} INFO - [2026-06-20T08:14:56.132+0000] {dag.py:3820} INFO - Setting next_dagrun for weather_pipeline to 2026-06-20T08:00:00+00:00, run_after=2026-06-20T09:00:00+00:00
[2026-06-20T08:14:56.150+0000] {processor.py:183} INFO - Processing /opt/airflow/dags/weather_pipeline_dag.py took 0.130 seconds
[2026-06-20T08:15:26.381+0000] {processor.py:161} INFO - Started process (PID=239) to work on /opt/airflow/dags/weather_pipeline_dag.py
[2026-06-20T08:15:26.383+0000] {processor.py:830} INFO - Processing file /opt/airflow/dags/weather_pipeline_dag.py for tasks to queue
[2026-06-20T08:15:26.385+0000] {logging_mixin.py:188} INFO - [2026-06-20T08:15:26.384+0000] {dagbag.py:538} INFO - Filling up the DagBag from /opt/airflow/dags/weather_pipeline_dag.py
[2026-06-20T08:15:26.445+0000] {processor.py:840} INFO - DAG(s) 'weather_pipeline' retrieved from /opt/airflow/dags/weather_pipeline_dag.py
[2026-06-20T08:15:26.547+0000] {logging_mixin.py:188} INFO - [2026-06-20T08:15:26.547+0000] {dag.py:3033} INFO - Sync 1 DAGs
[2026-06-20T08:15:26.634+0000] {logging_mixin.py:188} INFO - [2026-06-20T08:15:26.633+0000] {dag.py:3820} INFO - Setting next_dagrun for weather_pipeline to 2026-06-20T08:00:00+00:00, run_after=2026-06-20T09:00:00+00:00
[2026-06-20T08:15:26.689+0000] {processor.py:183} INFO - Processing /opt/airflow/dags/weather_pipeline_dag.py took 0.344 seconds
[2026-06-20T08:17:20.043+0000] {processor.py:161} INFO - Started process (PID=244) to work on /opt/airflow/dags/weather_pipeline_dag.py
[2026-06-20T08:17:20.045+0000] {processor.py:830} INFO - Processing file /opt/airflow/dags/weather_pipeline_dag.py for tasks to queue
[2026-06-20T08:17:20.047+0000] {logging_mixin.py:188} INFO - [2026-06-20T08:17:20.046+0000] {dagbag.py:538} INFO - Filling up the DagBag from /opt/airflow/dags/weather_pipeline_dag.py
[2026-06-20T08:17:20.092+0000] {processor.py:840} INFO - DAG(s) 'weather_pipeline' retrieved from /opt/airflow/dags/weather_pipeline_dag.py
[2026-06-20T08:15:52.014+0000] {logging_mixin.py:188} INFO - [2026-06-20T08:15:52.014+0000] {dag.py:3033} INFO - Sync 1 DAGs
[2026-06-20T08:15:52.044+0000] {logging_mixin.py:188} INFO - [2026-06-20T08:15:52.044+0000] {dag.py:3820} INFO - Setting next_dagrun for weather_pipeline to 2026-06-20T08:00:00+00:00, run_after=2026-06-20T09:00:00+00:00
[2026-06-20T08:15:52.155+0000] {processor.py:183} INFO - Processing /opt/airflow/dags/weather_pipeline_dag.py took 0.259 seconds
[2026-06-20T08:16:22.319+0000] {processor.py:161} INFO - Started process (PID=250) to work on /opt/airflow/dags/weather_pipeline_dag.py
[2026-06-20T08:16:22.322+0000] {processor.py:830} INFO - Processing file /opt/airflow/dags/weather_pipeline_dag.py for tasks to queue
[2026-06-20T08:16:22.324+0000] {logging_mixin.py:188} INFO - [2026-06-20T08:16:22.324+0000] {dagbag.py:538} INFO - Filling up the DagBag from /opt/airflow/dags/weather_pipeline_dag.py
[2026-06-20T08:16:22.372+0000] {processor.py:840} INFO - DAG(s) 'weather_pipeline' retrieved from /opt/airflow/dags/weather_pipeline_dag.py
[2026-06-20T08:16:22.506+0000] {logging_mixin.py:188} INFO - [2026-06-20T08:16:22.506+0000] {dag.py:3033} INFO - Sync 1 DAGs
[2026-06-20T08:16:22.564+0000] {logging_mixin.py:188} INFO - [2026-06-20T08:16:22.564+0000] {dag.py:3820} INFO - Setting next_dagrun for weather_pipeline to 2026-06-20T08:00:00+00:00, run_after=2026-06-20T09:00:00+00:00
[2026-06-20T08:16:22.658+0000] {processor.py:183} INFO - Processing /opt/airflow/dags/weather_pipeline_dag.py took 0.346 seconds
[2026-06-20T08:16:52.879+0000] {processor.py:161} INFO - Started process (PID=255) to work on /opt/airflow/dags/weather_pipeline_dag.py
[2026-06-20T08:16:52.880+0000] {processor.py:830} INFO - Processing file /opt/airflow/dags/weather_pipeline_dag.py for tasks to queue
[2026-06-20T08:16:52.881+0000] {logging_mixin.py:188} INFO - [2026-06-20T08:16:52.881+0000] {dagbag.py:538} INFO - Filling up the DagBag from /opt/airflow/dags/weather_pipeline_dag.py
[2026-06-20T08:16:52.896+0000] {processor.py:840} INFO - DAG(s) 'weather_pipeline' retrieved from /opt/airflow/dags/weather_pipeline_dag.py
[2026-06-20T08:16:52.938+0000] {logging_mixin.py:188} INFO - [2026-06-20T08:16:52.938+0000] {dag.py:3033} INFO - Sync 1 DAGs
[2026-06-20T08:16:52.967+0000] {logging_mixin.py:188} INFO - [2026-06-20T08:16:52.967+0000] {dag.py:3820} INFO - Setting next_dagrun for weather_pipeline to 2026-06-20T08:00:00+00:00, run_after=2026-06-20T09:00:00+00:00
[2026-06-20T08:16:52.991+0000] {processor.py:183} INFO - Processing /opt/airflow/dags/weather_pipeline_dag.py took 0.116 seconds
[2026-06-20T08:18:50.256+0000] {processor.py:161} INFO - Started process (PID=260) to work on /opt/airflow/dags/weather_pipeline_dag.py
[2026-06-20T08:18:50.258+0000] {processor.py:830} INFO - Processing file /opt/airflow/dags/weather_pipeline_dag.py for tasks to queue
[2026-06-20T08:18:50.259+0000] {logging_mixin.py:188} INFO - [2026-06-20T08:18:50.258+0000] {dagbag.py:538} INFO - Filling up the DagBag from /opt/airflow/dags/weather_pipeline_dag.py
[2026-06-20T08:18:50.313+0000] {processor.py:840} INFO - DAG(s) 'weather_pipeline' retrieved from /opt/airflow/dags/weather_pipeline_dag.py
[2026-06-20T08:18:50.373+0000] {logging_mixin.py:188} INFO - [2026-06-20T08:18:50.373+0000] {dag.py:3033} INFO - Sync 1 DAGs
[2026-06-20T08:17:22.281+0000] {logging_mixin.py:188} INFO - [2026-06-20T08:17:22.281+0000] {dag.py:3820} INFO - Setting next_dagrun for weather_pipeline to 2026-06-20T08:00:00+00:00, run_after=2026-06-20T09:00:00+00:00
[2026-06-20T08:17:22.336+0000] {processor.py:183} INFO - Processing /opt/airflow/dags/weather_pipeline_dag.py took 0.227 seconds
[2026-06-20T08:18:54.285+0000] {processor.py:161} INFO - Started process (PID=265) to work on /opt/airflow/dags/weather_pipeline_dag.py
[2026-06-20T08:18:54.286+0000] {processor.py:830} INFO - Processing file /opt/airflow/dags/weather_pipeline_dag.py for tasks to queue
[2026-06-20T08:18:54.287+0000] {logging_mixin.py:188} INFO - [2026-06-20T08:18:54.287+0000] {dagbag.py:538} INFO - Filling up the DagBag from /opt/airflow/dags/weather_pipeline_dag.py
[2026-06-20T08:18:54.306+0000] {processor.py:840} INFO - DAG(s) 'weather_pipeline' retrieved from /opt/airflow/dags/weather_pipeline_dag.py
[2026-06-20T08:18:54.345+0000] {logging_mixin.py:188} INFO - [2026-06-20T08:18:54.345+0000] {dag.py:3033} INFO - Sync 1 DAGs
[2026-06-20T08:18:54.383+0000] {logging_mixin.py:188} INFO - [2026-06-20T08:18:54.383+0000] {dag.py:3820} INFO - Setting next_dagrun for weather_pipeline to 2026-06-20T08:00:00+00:00, run_after=2026-06-20T09:00:00+00:00
[2026-06-20T08:18:54.407+0000] {processor.py:183} INFO - Processing /opt/airflow/dags/weather_pipeline_dag.py took 0.127 seconds
[2026-06-20T08:18:59.305+0000] {processor.py:161} INFO - Started process (PID=270) to work on /opt/airflow/dags/weather_pipeline_dag.py
[2026-06-20T08:18:59.309+0000] {processor.py:830} INFO - Processing file /opt/airflow/dags/weather_pipeline_dag.py for tasks to queue
[2026-06-20T08:18:59.312+0000] {logging_mixin.py:188} INFO - [2026-06-20T08:18:59.311+0000] {dagbag.py:538} INFO - Filling up the DagBag from /opt/airflow/dags/weather_pipeline_dag.py
[2026-06-20T08:18:59.333+0000] {processor.py:840} INFO - DAG(s) 'weather_pipeline' retrieved from /opt/airflow/dags/weather_pipeline_dag.py
[2026-06-20T08:18:59.380+0000] {logging_mixin.py:188} INFO - [2026-06-20T08:18:59.380+0000] {dag.py:3033} INFO - Sync 1 DAGs
[2026-06-20T08:18:59.415+0000] {logging_mixin.py:188} INFO - [2026-06-20T08:18:59.415+0000] {dag.py:3820} INFO - Setting next_dagrun for weather_pipeline to 2026-06-20T08:00:00+00:00, run_after=2026-06-20T09:00:00+00:00
[2026-06-20T08:17:31.295+0000] {processor.py:183} INFO - Processing /opt/airflow/dags/weather_pipeline_dag.py took 0.140 seconds
[2026-06-20T08:18:01.446+0000] {processor.py:161} INFO - Started process (PID=275) to work on /opt/airflow/dags/weather_pipeline_dag.py
[2026-06-20T08:18:01.451+0000] {processor.py:830} INFO - Processing file /opt/airflow/dags/weather_pipeline_dag.py for tasks to queue
[2026-06-20T08:18:01.452+0000] {logging_mixin.py:188} INFO - [2026-06-20T08:18:01.451+0000] {dagbag.py:538} INFO - Filling up the DagBag from /opt/airflow/dags/weather_pipeline_dag.py
[2026-06-20T08:18:01.479+0000] {processor.py:840} INFO - DAG(s) 'weather_pipeline' retrieved from /opt/airflow/dags/weather_pipeline_dag.py
[2026-06-20T08:18:01.521+0000] {logging_mixin.py:188} INFO - [2026-06-20T08:18:01.520+0000] {dag.py:3033} INFO - Sync 1 DAGs
[2026-06-20T08:18:01.557+0000] {logging_mixin.py:188} INFO - [2026-06-20T08:18:01.557+0000] {dag.py:3820} INFO - Setting next_dagrun for weather_pipeline to 2026-06-20T08:00:00+00:00, run_after=2026-06-20T09:00:00+00:00
[2026-06-20T08:18:01.588+0000] {processor.py:183} INFO - Processing /opt/airflow/dags/weather_pipeline_dag.py took 0.147 seconds
[2026-06-20T08:18:31.789+0000] {processor.py:161} INFO - Started process (PID=280) to work on /opt/airflow/dags/weather_pipeline_dag.py
[2026-06-20T08:18:31.794+0000] {processor.py:830} INFO - Processing file /opt/airflow/dags/weather_pipeline_dag.py for tasks to queue
[2026-06-20T08:18:31.798+0000] {logging_mixin.py:188} INFO - [2026-06-20T08:18:31.796+0000] {dagbag.py:538} INFO - Filling up the DagBag from /opt/airflow/dags/weather_pipeline_dag.py
[2026-06-20T08:18:31.840+0000] {processor.py:840} INFO - DAG(s) 'weather_pipeline' retrieved from /opt/airflow/dags/weather_pipeline_dag.py
[2026-06-20T08:18:31.899+0000] {logging_mixin.py:188} INFO - [2026-06-20T08:18:31.898+0000] {dag.py:3033} INFO - Sync 1 DAGs
[2026-06-20T08:18:31.937+0000] {logging_mixin.py:188} INFO - [2026-06-20T08:18:31.937+0000] {dag.py:3820} INFO - Setting next_dagrun for weather_pipeline to 2026-06-20T08:00:00+00:00, run_after=2026-06-20T09:00:00+00:00
[2026-06-20T08:18:31.964+0000] {processor.py:183} INFO - Processing /opt/airflow/dags/weather_pipeline_dag.py took 0.194 seconds
[2026-06-20T08:19:02.168+0000] {processor.py:161} INFO - Started process (PID=285) to work on /opt/airflow/dags/weather_pipeline_dag.py
[2026-06-20T08:19:02.174+0000] {processor.py:830} INFO - Processing file /opt/airflow/dags/weather_pipeline_dag.py for tasks to queue
[2026-06-20T08:19:02.175+0000] {logging_mixin.py:188} INFO - [2026-06-20T08:19:02.174+0000] {dagbag.py:538} INFO - Filling up the DagBag from /opt/airflow/dags/weather_pipeline_dag.py
[2026-06-20T08:19:02.189+0000] {processor.py:840} INFO - DAG(s) 'weather_pipeline' retrieved from /opt/airflow/dags/weather_pipeline_dag.py
[2026-06-20T08:19:02.235+0000] {logging_mixin.py:188} INFO - [2026-06-20T08:19:02.234+0000] {dag.py:3033} INFO - Sync 1 DAGs
[2026-06-20T08:19:02.269+0000] {logging_mixin.py:188} INFO - [2026-06-20T08:19:02.269+0000] {dag.py:3820} INFO - Setting next_dagrun for weather_pipeline to 2026-06-20T08:00:00+00:00, run_after=2026-06-20T09:00:00+00:00
[2026-06-20T08:19:02.295+0000] {processor.py:183} INFO - Processing /opt/airflow/dags/weather_pipeline_dag.py took 0.135 seconds
[2026-06-20T08:20:34.519+0000] {processor.py:161} INFO - Started process (PID=290) to work on /opt/airflow/dags/weather_pipeline_dag.py
[2026-06-20T08:20:34.521+0000] {processor.py:830} INFO - Processing file /opt/airflow/dags/weather_pipeline_dag.py for tasks to queue
[2026-06-20T08:20:34.522+0000] {logging_mixin.py:188} INFO - [2026-06-20T08:20:34.521+0000] {dagbag.py:538} INFO - Filling up the DagBag from /opt/airflow/dags/weather_pipeline_dag.py
[2026-06-20T08:20:34.538+0000] {processor.py:840} INFO - DAG(s) 'weather_pipeline' retrieved from /opt/airflow/dags/weather_pipeline_dag.py
[2026-06-20T08:19:06.435+0000] {logging_mixin.py:188} INFO - [2026-06-20T08:19:06.435+0000] {dag.py:3033} INFO - Sync 1 DAGs
[2026-06-20T08:19:06.467+0000] {logging_mixin.py:188} INFO - [2026-06-20T08:19:06.467+0000] {dag.py:3820} INFO - Setting next_dagrun for weather_pipeline to 2026-06-20T08:00:00+00:00, run_after=2026-06-20T09:00:00+00:00
[2026-06-20T08:19:06.491+0000] {processor.py:183} INFO - Processing /opt/airflow/dags/weather_pipeline_dag.py took 0.122 seconds
[2026-06-20T08:20:39.541+0000] {processor.py:161} INFO - Started process (PID=295) to work on /opt/airflow/dags/weather_pipeline_dag.py
[2026-06-20T08:20:39.542+0000] {processor.py:830} INFO - Processing file /opt/airflow/dags/weather_pipeline_dag.py for tasks to queue
[2026-06-20T08:20:39.543+0000] {logging_mixin.py:188} INFO - [2026-06-20T08:20:39.543+0000] {dagbag.py:538} INFO - Filling up the DagBag from /opt/airflow/dags/weather_pipeline_dag.py
[2026-06-20T08:20:39.563+0000] {processor.py:840} INFO - DAG(s) 'weather_pipeline' retrieved from /opt/airflow/dags/weather_pipeline_dag.py
[2026-06-20T08:19:11.457+0000] {logging_mixin.py:188} INFO - [2026-06-20T08:19:11.457+0000] {dag.py:3033} INFO - Sync 1 DAGs
[2026-06-20T08:19:11.485+0000] {logging_mixin.py:188} INFO - [2026-06-20T08:19:11.485+0000] {dag.py:3820} INFO - Setting next_dagrun for weather_pipeline to 2026-06-20T08:00:00+00:00, run_after=2026-06-20T09:00:00+00:00
[2026-06-20T08:19:11.507+0000] {processor.py:183} INFO - Processing /opt/airflow/dags/weather_pipeline_dag.py took 0.115 seconds
[2026-06-20T08:20:44.563+0000] {processor.py:161} INFO - Started process (PID=300) to work on /opt/airflow/dags/weather_pipeline_dag.py
[2026-06-20T08:20:44.563+0000] {processor.py:830} INFO - Processing file /opt/airflow/dags/weather_pipeline_dag.py for tasks to queue
[2026-06-20T08:20:44.564+0000] {logging_mixin.py:188} INFO - [2026-06-20T08:20:44.564+0000] {dagbag.py:538} INFO - Filling up the DagBag from /opt/airflow/dags/weather_pipeline_dag.py
[2026-06-20T08:20:44.580+0000] {processor.py:840} INFO - DAG(s) 'weather_pipeline' retrieved from /opt/airflow/dags/weather_pipeline_dag.py
[2026-06-20T08:19:16.473+0000] {logging_mixin.py:188} INFO - [2026-06-20T08:19:16.472+0000] {dag.py:3033} INFO - Sync 1 DAGs
[2026-06-20T08:19:16.499+0000] {logging_mixin.py:188} INFO - [2026-06-20T08:19:16.499+0000] {dag.py:3820} INFO - Setting next_dagrun for weather_pipeline to 2026-06-20T08:00:00+00:00, run_after=2026-06-20T09:00:00+00:00
[2026-06-20T08:19:16.521+0000] {processor.py:183} INFO - Processing /opt/airflow/dags/weather_pipeline_dag.py took 0.105 seconds
[2026-06-20T08:20:49.594+0000] {processor.py:161} INFO - Started process (PID=305) to work on /opt/airflow/dags/weather_pipeline_dag.py
[2026-06-20T08:20:49.595+0000] {processor.py:830} INFO - Processing file /opt/airflow/dags/weather_pipeline_dag.py for tasks to queue
[2026-06-20T08:20:49.596+0000] {logging_mixin.py:188} INFO - [2026-06-20T08:20:49.596+0000] {dagbag.py:538} INFO - Filling up the DagBag from /opt/airflow/dags/weather_pipeline_dag.py
[2026-06-20T08:19:21.469+0000] {processor.py:840} INFO - DAG(s) 'weather_pipeline' retrieved from /opt/airflow/dags/weather_pipeline_dag.py
[2026-06-20T08:19:21.504+0000] {logging_mixin.py:188} INFO - [2026-06-20T08:19:21.504+0000] {dag.py:3033} INFO - Sync 1 DAGs
[2026-06-20T08:19:21.531+0000] {logging_mixin.py:188} INFO - [2026-06-20T08:19:21.530+0000] {dag.py:3820} INFO - Setting next_dagrun for weather_pipeline to 2026-06-20T08:00:00+00:00, run_after=2026-06-20T09:00:00+00:00
[2026-06-20T08:19:21.555+0000] {processor.py:183} INFO - Processing /opt/airflow/dags/weather_pipeline_dag.py took 0.110 seconds
[2026-06-20T08:19:51.722+0000] {processor.py:161} INFO - Started process (PID=310) to work on /opt/airflow/dags/weather_pipeline_dag.py
[2026-06-20T08:19:51.724+0000] {processor.py:830} INFO - Processing file /opt/airflow/dags/weather_pipeline_dag.py for tasks to queue
[2026-06-20T08:19:51.725+0000] {logging_mixin.py:188} INFO - [2026-06-20T08:19:51.725+0000] {dagbag.py:538} INFO - Filling up the DagBag from /opt/airflow/dags/weather_pipeline_dag.py
[2026-06-20T08:19:51.748+0000] {processor.py:840} INFO - DAG(s) 'weather_pipeline' retrieved from /opt/airflow/dags/weather_pipeline_dag.py
[2026-06-20T08:19:51.793+0000] {logging_mixin.py:188} INFO - [2026-06-20T08:19:51.793+0000] {dag.py:3033} INFO - Sync 1 DAGs
[2026-06-20T08:19:51.832+0000] {logging_mixin.py:188} INFO - [2026-06-20T08:19:51.832+0000] {dag.py:3820} INFO - Setting next_dagrun for weather_pipeline to 2026-06-20T08:00:00+00:00, run_after=2026-06-20T09:00:00+00:00
[2026-06-20T08:19:51.859+0000] {processor.py:183} INFO - Processing /opt/airflow/dags/weather_pipeline_dag.py took 0.141 seconds
[2026-06-20T08:20:21.903+0000] {processor.py:161} INFO - Started process (PID=317) to work on /opt/airflow/dags/weather_pipeline_dag.py
[2026-06-20T08:20:21.905+0000] {processor.py:830} INFO - Processing file /opt/airflow/dags/weather_pipeline_dag.py for tasks to queue
[2026-06-20T08:20:21.906+0000] {logging_mixin.py:188} INFO - [2026-06-20T08:20:21.906+0000] {dagbag.py:538} INFO - Filling up the DagBag from /opt/airflow/dags/weather_pipeline_dag.py
[2026-06-20T08:20:21.929+0000] {processor.py:840} INFO - DAG(s) 'weather_pipeline' retrieved from /opt/airflow/dags/weather_pipeline_dag.py
[2026-06-20T08:20:22.010+0000] {logging_mixin.py:188} INFO - [2026-06-20T08:20:22.010+0000] {dag.py:3033} INFO - Sync 1 DAGs
[2026-06-20T08:20:22.054+0000] {logging_mixin.py:188} INFO - [2026-06-20T08:20:22.054+0000] {dag.py:3820} INFO - Setting next_dagrun for weather_pipeline to 2026-06-20T08:00:00+00:00, run_after=2026-06-20T09:00:00+00:00
[2026-06-20T08:20:22.086+0000] {processor.py:183} INFO - Processing /opt/airflow/dags/weather_pipeline_dag.py took 0.188 seconds
[2026-06-20T08:22:20.337+0000] {processor.py:161} INFO - Started process (PID=322) to work on /opt/airflow/dags/weather_pipeline_dag.py
[2026-06-20T08:22:20.340+0000] {processor.py:830} INFO - Processing file /opt/airflow/dags/weather_pipeline_dag.py for tasks to queue
[2026-06-20T08:22:20.341+0000] {logging_mixin.py:188} INFO - [2026-06-20T08:22:20.341+0000] {dagbag.py:538} INFO - Filling up the DagBag from /opt/airflow/dags/weather_pipeline_dag.py
[2026-06-20T08:22:20.365+0000] {processor.py:840} INFO - DAG(s) 'weather_pipeline' retrieved from /opt/airflow/dags/weather_pipeline_dag.py
[2026-06-20T08:23:44.810+0000] {processor.py:161} INFO - Started process (PID=325) to work on /opt/airflow/dags/weather_pipeline_dag.py
[2026-06-20T08:23:44.812+0000] {processor.py:830} INFO - Processing file /opt/airflow/dags/weather_pipeline_dag.py for tasks to queue
[2026-06-20T08:23:44.813+0000] {logging_mixin.py:188} INFO - [2026-06-20T08:23:44.812+0000] {dagbag.py:538} INFO - Filling up the DagBag from /opt/airflow/dags/weather_pipeline_dag.py
[2026-06-20T08:23:44.835+0000] {processor.py:840} INFO - DAG(s) 'weather_pipeline' retrieved from /opt/airflow/dags/weather_pipeline_dag.py
[2026-06-20T08:23:44.890+0000] {logging_mixin.py:188} INFO - [2026-06-20T08:23:44.890+0000] {dag.py:3033} INFO - Sync 1 DAGs
[2026-06-20T08:23:44.926+0000] {logging_mixin.py:188} INFO - [2026-06-20T08:23:44.925+0000] {dag.py:3820} INFO - Setting next_dagrun for weather_pipeline to 2026-06-20T08:00:00+00:00, run_after=2026-06-20T09:00:00+00:00
[2026-06-20T08:22:16.808+0000] {processor.py:183} INFO - Processing /opt/airflow/dags/weather_pipeline_dag.py took 0.147 seconds
