[2026-06-20T07:52:07.496+0000] {taskinstance.py:1957} INFO - Dependencies all met for dep_context=non-requeueable deps ti=<TaskInstance: weather_pipeline.fetch_weather scheduled__2026-06-20T06:00:00+00:00 [queued]>
[2026-06-20T07:52:07.503+0000] {taskinstance.py:1957} INFO - Dependencies all met for dep_context=requeueable deps ti=<TaskInstance: weather_pipeline.fetch_weather scheduled__2026-06-20T06:00:00+00:00 [queued]>
[2026-06-20T07:52:07.503+0000] {taskinstance.py:2171} INFO - Starting attempt 1 of 2
[2026-06-20T07:52:07.515+0000] {taskinstance.py:2192} INFO - Executing <Task(BashOperator): fetch_weather> on 2026-06-20 06:00:00+00:00
[2026-06-20T07:52:07.519+0000] {standard_task_runner.py:60} INFO - Started process 186 to run task
[2026-06-20T07:52:07.522+0000] {standard_task_runner.py:87} INFO - Running: ['***', 'tasks', 'run', 'weather_pipeline', 'fetch_weather', 'scheduled__2026-06-20T06:00:00+00:00', '--job-id', '3', '--raw', '--subdir', 'DAGS_FOLDER/weather_pipeline_dag.py', '--cfg-path', '/tmp/tmpxiupne56']
[2026-06-20T07:52:07.526+0000] {standard_task_runner.py:88} INFO - Job 3: Subtask fetch_weather
[2026-06-20T07:52:07.586+0000] {task_command.py:423} INFO - Running <TaskInstance: weather_pipeline.fetch_weather scheduled__2026-06-20T06:00:00+00:00 [running]> on host 4dd3a3e54ea7
[2026-06-20T07:52:07.683+0000] {taskinstance.py:2481} INFO - Exporting env vars: AIRFLOW_CTX_DAG_OWNER='data_engineer' AIRFLOW_CTX_DAG_ID='weather_pipeline' AIRFLOW_CTX_TASK_ID='fetch_weather' AIRFLOW_CTX_EXECUTION_DATE='2026-06-20T06:00:00+00:00' AIRFLOW_CTX_TRY_NUMBER='1' AIRFLOW_CTX_DAG_RUN_ID='scheduled__2026-06-20T06:00:00+00:00'
[2026-06-20T07:52:07.685+0000] {subprocess.py:63} INFO - Tmp dir root location: /tmp
[2026-06-20T07:52:07.686+0000] {subprocess.py:75} INFO - Running command: ['/usr/bin/bash', '-c', 'python /opt/***/producer/weather_producer_once.py']
[2026-06-20T07:52:07.687+0000] {taskinstance.py:2699} ERROR - Task failed with exception
Traceback (most recent call last):
  File "/home/airflow/.local/lib/python3.11/site-packages/airflow/models/taskinstance.py", line 433, in _execute_task
    result = execute_callable(context=context, **execute_callable_kwargs)
             ^^^^^^^^^^^^^^^^^^^^^^^^^^^^^^^^^^^^^^^^^^^^^^^^^^^^^^^^^^^^
  File "/home/airflow/.local/lib/python3.11/site-packages/airflow/operators/bash.py", line 203, in execute
    result = self.subprocess_hook.run_command(
             ^^^^^^^^^^^^^^^^^^^^^^^^^^^^^^^^^
  File "/home/airflow/.local/lib/python3.11/site-packages/airflow/hooks/subprocess.py", line 77, in run_command
    self.sub_process = Popen(
                       ^^^^^^
  File "/usr/local/lib/python3.11/subprocess.py", line 1026, in __init__
    self._execute_child(args, executable, preexec_fn, close_fds,
  File "/usr/local/lib/python3.11/subprocess.py", line 1870, in _execute_child
    env_list.append(k + b'=' + os.fsencode(v))
                               ^^^^^^^^^^^^^^
  File "<frozen os>", line 812, in fsencode
TypeError: expected str, bytes or os.PathLike object, not NoneType
[2026-06-20T07:52:07.701+0000] {taskinstance.py:1138} INFO - Marking task as UP_FOR_RETRY. dag_id=weather_pipeline, task_id=fetch_weather, execution_date=20260620T060000, start_date=20260620T075207, end_date=20260620T075207
[2026-06-20T07:52:07.713+0000] {standard_task_runner.py:107} ERROR - Failed to execute job 3 for task fetch_weather (expected str, bytes or os.PathLike object, not NoneType; 186)
[2026-06-20T07:52:07.735+0000] {local_task_job_runner.py:234} INFO - Task exited with return code 1
[2026-06-20T07:52:07.757+0000] {taskinstance.py:3281} INFO - 0 downstream tasks scheduled from follow-on schedule check
